{"/workspace/src/components/panel/right/Masks.tsx": {"path":"/workspace/src/components/panel/right/Masks.tsx","statementMap":{"0":{"start":{"line":20,"column":7},"end":{"line":35,"column":null}},"1":{"start":{"line":21,"column":2},"end":{"line":21,"column":null}},"2":{"start":{"line":22,"column":2},"end":{"line":22,"column":null}},"3":{"start":{"line":23,"column":2},"end":{"line":23,"column":null}},"4":{"start":{"line":24,"column":2},"end":{"line":24,"column":null}},"5":{"start":{"line":25,"column":2},"end":{"line":25,"column":null}},"6":{"start":{"line":26,"column":2},"end":{"line":26,"column":null}},"7":{"start":{"line":27,"column":2},"end":{"line":27,"column":null}},"8":{"start":{"line":28,"column":2},"end":{"line":28,"column":null}},"9":{"start":{"line":29,"column":2},"end":{"line":29,"column":null}},"10":{"start":{"line":30,"column":2},"end":{"line":30,"column":null}},"11":{"start":{"line":31,"column":2},"end":{"line":31,"column":null}},"12":{"start":{"line":32,"column":2},"end":{"line":32,"column":null}},"13":{"start":{"line":33,"column":2},"end":{"line":33,"column":null}},"14":{"start":{"line":34,"column":2},"end":{"line":34,"column":null}},"15":{"start":{"line":37,"column":7},"end":{"line":41,"column":null}},"16":{"start":{"line":38,"column":2},"end":{"line":38,"column":null}},"17":{"start":{"line":39,"column":2},"end":{"line":39,"column":null}},"18":{"start":{"line":40,"column":2},"end":{"line":40,"column":null}},"19":{"start":{"line":43,"column":7},"end":{"line":49,"column":null}},"20":{"start":{"line":44,"column":2},"end":{"line":44,"column":null}},"21":{"start":{"line":45,"column":2},"end":{"line":45,"column":null}},"22":{"start":{"line":46,"column":2},"end":{"line":46,"column":null}},"23":{"start":{"line":47,"column":2},"end":{"line":47,"column":null}},"24":{"start":{"line":48,"column":2},"end":{"line":48,"column":null}},"25":{"start":{"line":71,"column":2},"end":{"line":71,"column":null}},"26":{"start":{"line":71,"column":29},"end":{"line":71,"column":null}},"27":{"start":{"line":72,"column":2},"end":{"line":72,"column":null}},"28":{"start":{"line":72,"column":31},"end":{"line":72,"column":null}},"29":{"start":{"line":73,"column":2},"end":{"line":73,"column":null}},"30":{"start":{"line":73,"column":34},"end":{"line":73,"column":null}},"31":{"start":{"line":74,"column":2},"end":{"line":74,"column":null}},"32":{"start":{"line":74,"column":27},"end":{"line":74,"column":null}},"33":{"start":{"line":75,"column":2},"end":{"line":75,"column":null}},"34":{"start":{"line":75,"column":25},"end":{"line":75,"column":null}},"35":{"start":{"line":76,"column":2},"end":{"line":76,"column":null}},"36":{"start":{"line":76,"column":33},"end":{"line":76,"column":null}},"37":{"start":{"line":77,"column":2},"end":{"line":77,"column":null}},"38":{"start":{"line":77,"column":27},"end":{"line":77,"column":null}},"39":{"start":{"line":78,"column":2},"end":{"line":78,"column":null}},"40":{"start":{"line":78,"column":26},"end":{"line":78,"column":null}},"41":{"start":{"line":79,"column":2},"end":{"line":79,"column":null}},"42":{"start":{"line":79,"column":27},"end":{"line":79,"column":null}},"43":{"start":{"line":80,"column":2},"end":{"line":80,"column":null}},"44":{"start":{"line":80,"column":28},"end":{"line":80,"column":null}},"45":{"start":{"line":81,"column":2},"end":{"line":81,"column":null}},"46":{"start":{"line":81,"column":31},"end":{"line":81,"column":null}},"47":{"start":{"line":82,"column":2},"end":{"line":82,"column":null}},"48":{"start":{"line":82,"column":28},"end":{"line":82,"column":null}},"49":{"start":{"line":83,"column":2},"end":{"line":83,"column":null}},"50":{"start":{"line":83,"column":27},"end":{"line":83,"column":null}},"51":{"start":{"line":84,"column":2},"end":{"line":84,"column":null}},"52":{"start":{"line":84,"column":26},"end":{"line":84,"column":null}},"53":{"start":{"line":85,"column":2},"end":{"line":85,"column":null}},"54":{"start":{"line":89,"column":2},"end":{"line":89,"column":null}},"55":{"start":{"line":89,"column":28},"end":{"line":89,"column":null}},"56":{"start":{"line":90,"column":2},"end":{"line":92,"column":null}},"57":{"start":{"line":91,"column":4},"end":{"line":91,"column":null}},"58":{"start":{"line":93,"column":2},"end":{"line":93,"column":null}},"59":{"start":{"line":97,"column":2},"end":{"line":97,"column":null}},"60":{"start":{"line":100,"column":48},"end":{"line":115,"column":null}},"61":{"start":{"line":117,"column":58},"end":{"line":155,"column":null}},"62":{"start":{"line":157,"column":56},"end":{"line":170,"column":null}},"63":{"start":{"line":172,"column":61},"end":{"line":209,"column":null}},"64":{"start":{"line":211,"column":57},"end":{"line":249,"column":null}},"65":{"start":{"line":251,"column":50},"end":{"line":288,"column":null}},"66":{"start":{"line":290,"column":60},"end":{"line":293,"column":null}}},"fnMap":{"0":{"name":"(anonymous_0)","decl":{"start":{"line":20,"column":7},"end":{"line":20,"column":12}},"loc":{"start":{"line":20,"column":7},"end":{"line":35,"column":null}},"line":20},"1":{"name":"(anonymous_1)","decl":{"start":{"line":37,"column":7},"end":{"line":37,"column":12}},"loc":{"start":{"line":37,"column":7},"end":{"line":41,"column":null}},"line":37},"2":{"name":"(anonymous_2)","decl":{"start":{"line":43,"column":7},"end":{"line":43,"column":12}},"loc":{"start":{"line":43,"column":7},"end":{"line":49,"column":null}},"line":43},"3":{"name":"formatMaskTypeName","decl":{"start":{"line":70,"column":16},"end":{"line":70,"column":35}},"loc":{"start":{"line":70,"column":49},"end":{"line":86,"column":null}},"line":70},"4":{"name":"getMaskTypeName","decl":{"start":{"line":88,"column":16},"end":{"line":88,"column":32}},"loc":{"start":{"line":88,"column":48},"end":{"line":94,"column":null}},"line":88},"5":{"name":"getSubMaskName","decl":{"start":{"line":96,"column":16},"end":{"line":96,"column":31}},"loc":{"start":{"line":96,"column":72},"end":{"line":98,"column":null}},"line":96}},"branchMap":{"0":{"loc":{"start":{"line":71,"column":2},"end":{"line":71,"column":null}},"type":"if","locations":[{"start":{"line":71,"column":2},"end":{"line":71,"column":null}},{"start":{},"end":{}}],"line":71},"1":{"loc":{"start":{"line":72,"column":2},"end":{"line":72,"column":null}},"type":"if","locations":[{"start":{"line":72,"column":2},"end":{"line":72,"column":null}},{"start":{},"end":{}}],"line":72},"2":{"loc":{"start":{"line":73,"column":2},"end":{"line":73,"column":null}},"type":"if","locations":[{"start":{"line":73,"column":2},"end":{"line":73,"column":null}},{"start":{},"end":{}}],"line":73},"3":{"loc":{"start":{"line":74,"column":2},"end":{"line":74,"column":null}},"type":"if","locations":[{"start":{"line":74,"column":2},"end":{"line":74,"column":null}},{"start":{},"end":{}}],"line":74},"4":{"loc":{"start":{"line":75,"column":2},"end":{"line":75,"column":null}},"type":"if","locations":[{"start":{"line":75,"column":2},"end":{"line":75,"column":null}},{"start":{},"end":{}}],"line":75},"5":{"loc":{"start":{"line":76,"column":2},"end":{"line":76,"column":null}},"type":"if","locations":[{"start":{"line":76,"column":2},"end":{"line":76,"column":null}},{"start":{},"end":{}}],"line":76},"6":{"loc":{"start":{"line":77,"column":2},"end":{"line":77,"column":null}},"type":"if","locations":[{"start":{"line":77,"column":2},"end":{"line":77,"column":null}},{"start":{},"end":{}}],"line":77},"7":{"loc":{"start":{"line":78,"column":2},"end":{"line":78,"column":null}},"type":"if","locations":[{"start":{"line":78,"column":2},"end":{"line":78,"column":null}},{"start":{},"end":{}}],"line":78},"8":{"loc":{"start":{"line":79,"column":2},"end":{"line":79,"column":null}},"type":"if","locations":[{"start":{"line":79,"column":2},"end":{"line":79,"column":null}},{"start":{},"end":{}}],"line":79},"9":{"loc":{"start":{"line":80,"column":2},"end":{"line":80,"column":null}},"type":"if","locations":[{"start":{"line":80,"column":2},"end":{"line":80,"column":null}},{"start":{},"end":{}}],"line":80},"10":{"loc":{"start":{"line":81,"column":2},"end":{"line":81,"column":null}},"type":"if","locations":[{"start":{"line":81,"column":2},"end":{"line":81,"column":null}},{"start":{},"end":{}}],"line":81},"11":{"loc":{"start":{"line":82,"column":2},"end":{"line":82,"column":null}},"type":"if","locations":[{"start":{"line":82,"column":2},"end":{"line":82,"column":null}},{"start":{},"end":{}}],"line":82},"12":{"loc":{"start":{"line":83,"column":2},"end":{"line":83,"column":null}},"type":"if","locations":[{"start":{"line":83,"column":2},"end":{"line":83,"column":null}},{"start":{},"end":{}}],"line":83},"13":{"loc":{"start":{"line":84,"column":2},"end":{"line":84,"column":null}},"type":"if","locations":[{"start":{"line":84,"column":2},"end":{"line":84,"column":null}},{"start":{},"end":{}}],"line":84},"14":{"loc":{"start":{"line":89,"column":2},"end":{"line":89,"column":null}},"type":"if","locations":[{"start":{"line":89,"column":2},"end":{"line":89,"column":null}},{"start":{},"end":{}}],"line":89},"15":{"loc":{"start":{"line":90,"column":2},"end":{"line":92,"column":null}},"type":"if","locations":[{"start":{"line":90,"column":2},"end":{"line":92,"column":null}},{"start":{},"end":{}}],"line":90},"16":{"loc":{"start":{"line":90,"column":6},"end":{"line":90,"column":69}},"type":"binary-expr","locations":[{"start":{"line":90,"column":6},"end":{"line":90,"column":40}},{"start":{"line":90,"column":40},"end":{"line":90,"column":69}}],"line":90},"17":{"loc":{"start":{"line":97,"column":9},"end":{"line":97,"column":null}},"type":"binary-expr","locations":[{"start":{"line":97,"column":9},"end":{"line":97,"column":33}},{"start":{"line":97,"column":33},"end":{"line":97,"column":null}}],"line":97}},"s":{"0":1,"1":1,"2":1,"3":1,"4":1,"5":1,"6":1,"7":1,"8":1,"9":1,"10":1,"11":1,"12":1,"13":1,"14":1,"15":1,"16":1,"17":1,"18":1,"19":1,"20":1,"21":1,"22":1,"23":1,"24":1,"25":0,"26":0,"27":0,"28":0,"29":0,"30":0,"31":0,"32":0,"33":0,"34":0,"35":0,"36":0,"37":0,"38":0,"39":0,"40":0,"41":0,"42":0,"43":0,"44":0,"45":0,"46":0,"47":0,"48":0,"49":0,"50":0,"51":0,"52":0,"53":0,"54":0,"55":0,"56":0,"57":0,"58":0,"59":0,"60":1,"61":1,"62":1,"63":1,"64":1,"65":1,"66":1},"f":{"0":1,"1":1,"2":1,"3":0,"4":0,"5":0},"b":{"0":[0,0],"1":[0,0],"2":[0,0],"3":[0,0],"4":[0,0],"5":[0,0],"6":[0,0],"7":[0,0],"8":[0,0],"9":[0,0],"10":[0,0],"11":[0,0],"12":[0,0],"13":[0,0],"14":[0,0],"15":[0,0],"16":[0,0],"17":[0,0]},"meta":{"lastBranch":18,"lastFunction":6,"lastStatement":67,"seen":{"s:20:7:35:Infinity":0,"f:20:7:20:12":0,"s:21:2:21:Infinity":1,"s:22:2:22:Infinity":2,"s:23:2:23:Infinity":3,"s:24:2:24:Infinity":4,"s:25:2:25:Infinity":5,"s:26:2:26:Infinity":6,"s:27:2:27:Infinity":7,"s:28:2:28:Infinity":8,"s:29:2:29:Infinity":9,"s:30:2:30:Infinity":10,"s:31:2:31:Infinity":11,"s:32:2:32:Infinity":12,"s:33:2:33:Infinity":13,"s:34:2:34:Infinity":14,"s:37:7:41:Infinity":15,"f:37:7:37:12":1,"s:38:2:38:Infinity":16,"s:39:2:39:Infinity":17,"s:40:2:40:Infinity":18,"s:43:7:49:Infinity":19,"f:43:7:43:12":2,"s:44:2:44:Infinity":20,"s:45:2:45:Infinity":21,"s:46:2:46:Infinity":22,"s:47:2:47:Infinity":23,"s:48:2:48:Infinity":24,"f:70:16:70:35":3,"b:71:2:71:Infinity:undefined:undefined:undefined:undefined":0,"s:71:2:71:Infinity":25,"s:71:29:71:Infinity":26,"b:72:2:72:Infinity:undefined:undefined:undefined:undefined":1,"s:72:2:72:Infinity":27,"s:72:31:72:Infinity":28,"b:73:2:73:Infinity:undefined:undefined:undefined:undefined":2,"s:73:2:73:Infinity":29,"s:73:34:73:Infinity":30,"b:74:2:74:Infinity:undefined:undefined:undefined:undefined":3,"s:74:2:74:Infinity":31,"s:74:27:74:Infinity":32,"b:75:2:75:Infinity:undefined:undefined:undefined:undefined":4,"s:75:2:75:Infinity":33,"s:75:25:75:Infinity":34,"b:76:2:76:Infinity:undefined:undefined:undefined:undefined":5,"s:76:2:76:Infinity":35,"s:76:33:76:Infinity":36,"b:77:2:77:Infinity:undefined:undefined:undefined:undefined":6,"s:77:2:77:Infinity":37,"s:77:27:77:Infinity":38,"b:78:2:78:Infinity:undefined:undefined:undefined:undefined":7,"s:78:2:78:Infinity":39,"s:78:26:78:Infinity":40,"b:79:2:79:Infinity:undefined:undefined:undefined:undefined":8,"s:79:2:79:Infinity":41,"s:79:27:79:Infinity":42,"b:80:2:80:Infinity:undefined:undefined:undefined:undefined":9,"s:80:2:80:Infinity":43,"s:80:28:80:Infinity":44,"b:81:2:81:Infinity:undefined:undefined:undefined:undefined":10,"s:81:2:81:Infinity":45,"s:81:31:81:Infinity":46,"b:82:2:82:Infinity:undefined:undefined:undefined:undefined":11,"s:82:2:82:Infinity":47,"s:82:28:82:Infinity":48,"b:83:2:83:Infinity:undefined:undefined:undefined:undefined":12,"s:83:2:83:Infinity":49,"s:83:27:83:Infinity":50,"b:84:2:84:Infinity:undefined:undefined:undefined:undefined":13,"s:84:2:84:Infinity":51,"s:84:26:84:Infinity":52,"s:85:2:85:Infinity":53,"f:88:16:88:32":4,"b:89:2:89:Infinity:undefined:undefined:undefined:undefined":14,"s:89:2:89:Infinity":54,"s:89:28:89:Infinity":55,"b:90:2:92:Infinity:undefined:undefined:undefined:undefined":15,"s:90:2:92:Infinity":56,"b:90:6:90:40:90:40:90:69":16,"s:91:4:91:Infinity":57,"s:93:2:93:Infinity":58,"f:96:16:96:31":5,"s:97:2:97:Infinity":59,"b:97:9:97:33:97:33:97:Infinity":17,"s:100:48:115:Infinity":60,"s:117:58:155:Infinity":61,"s:157:56:170:Infinity":62,"s:172:61:209:Infinity":63,"s:211:57:249:Infinity":64,"s:251:50:288:Infinity":65,"s:290:60:293:Infinity":66},"fnNames":{}}}
,"/workspace/src/components/ui/AndroidBottomNav.tsx": {"path":"/workspace/src/components/ui/AndroidBottomNav.tsx","statementMap":{"0":{"start":{"line":18,"column":28},"end":{"line":24,"column":null}},"1":{"start":{"line":27,"column":10},"end":{"line":27,"column":null}},"2":{"start":{"line":28,"column":8},"end":{"line":28,"column":null}},"3":{"start":{"line":28,"column":45},"end":{"line":28,"column":63}},"4":{"start":{"line":29,"column":8},"end":{"line":29,"column":null}},"5":{"start":{"line":29,"column":42},"end":{"line":29,"column":57}},"6":{"start":{"line":31,"column":2},"end":{"line":31,"column":null}},"7":{"start":{"line":31,"column":18},"end":{"line":31,"column":null}},"8":{"start":{"line":33,"column":2},"end":{"line":57,"column":null}},"9":{"start":{"line":36,"column":25},"end":{"line":36,"column":null}},"10":{"start":{"line":37,"column":8},"end":{"line":54,"column":null}},"11":{"start":{"line":45,"column":14},"end":{"line":49,"column":null}},"12":{"start":{"line":46,"column":16},"end":{"line":46,"column":null}},"13":{"start":{"line":48,"column":16},"end":{"line":48,"column":null}}},"fnMap":{"0":{"name":"AndroidBottomNav","decl":{"start":{"line":26,"column":24},"end":{"line":26,"column":41}},"loc":{"start":{"line":26,"column":79},"end":{"line":59,"column":null}},"line":26},"1":{"name":"(anonymous_1)","decl":{"start":{"line":28,"column":27},"end":{"line":28,"column":39}},"loc":{"start":{"line":28,"column":45},"end":{"line":28,"column":63}},"line":28},"2":{"name":"(anonymous_2)","decl":{"start":{"line":29,"column":24},"end":{"line":29,"column":36}},"loc":{"start":{"line":29,"column":42},"end":{"line":29,"column":57}},"line":29},"3":{"name":"(anonymous_3)","decl":{"start":{"line":35,"column":16},"end":{"line":35,"column":21}},"loc":{"start":{"line":35,"column":57},"end":{"line":56,"column":7}},"line":35},"4":{"name":"(anonymous_4)","decl":{"start":{"line":44,"column":12},"end":{"line":44,"column":27}},"loc":{"start":{"line":44,"column":27},"end":{"line":50,"column":null}},"line":44}},"branchMap":{"0":{"loc":{"start":{"line":31,"column":2},"end":{"line":31,"column":null}},"type":"if","locations":[{"start":{"line":31,"column":2},"end":{"line":31,"column":null}},{"start":{},"end":{}}],"line":31},"1":{"loc":{"start":{"line":36,"column":25},"end":{"line":36,"column":null}},"type":"cond-expr","locations":[{"start":{"line":36,"column":33},"end":{"line":36,"column":62}},{"start":{"line":36,"column":62},"end":{"line":36,"column":null}}],"line":36},"2":{"loc":{"start":{"line":42,"column":14},"end":{"line":42,"column":null}},"type":"cond-expr","locations":[{"start":{"line":42,"column":25},"end":{"line":42,"column":41}},{"start":{"line":42,"column":41},"end":{"line":42,"column":null}}],"line":42},"3":{"loc":{"start":{"line":45,"column":14},"end":{"line":49,"column":null}},"type":"if","locations":[{"start":{"line":45,"column":14},"end":{"line":49,"column":null}},{"start":{"line":47,"column":21},"end":{"line":49,"column":null}}],"line":45},"4":{"loc":{"start":{"line":48,"column":30},"end":{"line":48,"column":71}},"type":"cond-expr","locations":[{"start":{"line":48,"column":59},"end":{"line":48,"column":66}},{"start":{"line":48,"column":66},"end":{"line":48,"column":71}}],"line":48}},"s":{"0":1,"1":3,"2":3,"3":2,"4":3,"5":2,"6":3,"7":1,"8":2,"9":10,"10":10,"11":1,"12":0,"13":1},"f":{"0":3,"1":2,"2":2,"3":10,"4":1},"b":{"0":[1,2],"1":[8,2],"2":[2,8],"3":[0,1],"4":[0,1]},"meta":{"lastBranch":5,"lastFunction":5,"lastStatement":14,"seen":{"s:18:28:24:Infinity":0,"f:26:24:26:41":0,"s:27:10:27:Infinity":1,"s:28:8:28:Infinity":2,"f:28:27:28:39":1,"s:28:45:28:63":3,"s:29:8:29:Infinity":4,"f:29:24:29:36":2,"s:29:42:29:57":5,"b:31:2:31:Infinity:undefined:undefined:undefined:undefined":0,"s:31:2:31:Infinity":6,"s:31:18:31:Infinity":7,"s:33:2:57:Infinity":8,"f:35:16:35:21":3,"s:36:25:36:Infinity":9,"b:36:33:36:62:36:62:36:Infinity":1,"s:37:8:54:Infinity":10,"b:42:25:42:41:42:41:42:Infinity":2,"f:44:12:44:27":4,"b:45:14:49:Infinity:47:21:49:Infinity":3,"s:45:14:49:Infinity":11,"s:46:16:46:Infinity":12,"s:48:16:48:Infinity":13,"b:48:59:48:66:48:66:48:71":4},"fnNames":{}}}
,"/workspace/src/components/ui/AndroidShareSheet.tsx": {"path":"/workspace/src/components/ui/AndroidShareSheet.tsx","statementMap":{"0":{"start":{"line":22,"column":37},"end":{"line":27,"column":null}},"1":{"start":{"line":35,"column":10},"end":{"line":35,"column":null}},"2":{"start":{"line":36,"column":18},"end":{"line":36,"column":null}},"3":{"start":{"line":38,"column":8},"end":{"line":56,"column":null}},"4":{"start":{"line":40,"column":6},"end":{"line":40,"column":null}},"5":{"start":{"line":40,"column":19},"end":{"line":40,"column":null}},"6":{"start":{"line":41,"column":6},"end":{"line":41,"column":null}},"7":{"start":{"line":42,"column":6},"end":{"line":53,"column":null}},"8":{"start":{"line":43,"column":8},"end":{"line":47,"column":null}},"9":{"start":{"line":49,"column":8},"end":{"line":49,"column":null}},"10":{"start":{"line":51,"column":8},"end":{"line":51,"column":null}},"11":{"start":{"line":52,"column":8},"end":{"line":52,"column":null}},"12":{"start":{"line":58,"column":2},"end":{"line":115,"column":null}},"13":{"start":{"line":88,"column":18},"end":{"line":100,"column":null}},"14":{"start":{"line":90,"column":35},"end":{"line":90,"column":null}}},"fnMap":{"0":{"name":"AndroidShareSheet","decl":{"start":{"line":29,"column":24},"end":{"line":29,"column":42}},"loc":{"start":{"line":34,"column":27},"end":{"line":117,"column":null}},"line":34},"1":{"name":"(anonymous_1)","decl":{"start":{"line":39,"column":4},"end":{"line":39,"column":11}},"loc":{"start":{"line":39,"column":32},"end":{"line":54,"column":null}},"line":39},"2":{"name":"(anonymous_2)","decl":{"start":{"line":87,"column":31},"end":{"line":87,"column":36}},"loc":{"start":{"line":88,"column":18},"end":{"line":100,"column":null}},"line":88},"3":{"name":"(anonymous_3)","decl":{"start":{"line":90,"column":20},"end":{"line":90,"column":35}},"loc":{"start":{"line":90,"column":35},"end":{"line":90,"column":null}},"line":90}},"branchMap":{"0":{"loc":{"start":{"line":40,"column":6},"end":{"line":40,"column":null}},"type":"if","locations":[{"start":{"line":40,"column":6},"end":{"line":40,"column":null}},{"start":{},"end":{}}],"line":40},"1":{"loc":{"start":{"line":60,"column":7},"end":{"line":115,"column":null}},"type":"binary-expr","locations":[{"start":{"line":60,"column":7},"end":{"line":60,"column":null}},{"start":{"line":61,"column":8},"end":{"line":115,"column":null}}],"line":60}},"s":{"0":1,"1":6,"2":6,"3":6,"4":1,"5":0,"6":1,"7":1,"8":1,"9":0,"10":1,"11":1,"12":6,"13":20,"14":1},"f":{"0":6,"1":1,"2":20,"3":1},"b":{"0":[0,1],"1":[6,5]},"meta":{"lastBranch":2,"lastFunction":4,"lastStatement":15,"seen":{"s:22:37:27:Infinity":0,"f:29:24:29:42":0,"s:35:10:35:Infinity":1,"s:36:18:36:Infinity":2,"s:38:8:56:Infinity":3,"f:39:4:39:11":1,"b:40:6:40:Infinity:undefined:undefined:undefined:undefined":0,"s:40:6:40:Infinity":4,"s:40:19:40:Infinity":5,"s:41:6:41:Infinity":6,"s:42:6:53:Infinity":7,"s:43:8:47:Infinity":8,"s:49:8:49:Infinity":9,"s:51:8:51:Infinity":10,"s:52:8:52:Infinity":11,"s:58:2:115:Infinity":12,"b:60:7:60:Infinity:61:8:115:Infinity":1,"f:87:31:87:36":2,"s:88:18:100:Infinity":13,"f:90:20:90:35":3,"s:90:35:90:Infinity":14},"fnNames":{}}}
,"/workspace/src/components/ui/AppProperties.tsx": {"path":"/workspace/src/components/ui/AppProperties.tsx","statementMap":{"0":{"start":{"line":5,"column":27},"end":{"line":29,"column":null}},"1":{"start":{"line":30,"column":32},"end":{"line":30,"column":null}},"2":{"start":{"line":32,"column":7},"end":{"line":113,"column":null}},"3":{"start":{"line":33,"column":2},"end":{"line":33,"column":null}},"4":{"start":{"line":34,"column":2},"end":{"line":34,"column":null}},"5":{"start":{"line":35,"column":2},"end":{"line":35,"column":null}},"6":{"start":{"line":36,"column":2},"end":{"line":36,"column":null}},"7":{"start":{"line":37,"column":2},"end":{"line":37,"column":null}},"8":{"start":{"line":38,"column":2},"end":{"line":38,"column":null}},"9":{"start":{"line":39,"column":2},"end":{"line":39,"column":null}},"10":{"start":{"line":40,"column":2},"end":{"line":40,"column":null}},"11":{"start":{"line":41,"column":2},"end":{"line":41,"column":null}},"12":{"start":{"line":42,"column":2},"end":{"line":42,"column":null}},"13":{"start":{"line":43,"column":2},"end":{"line":43,"column":null}},"14":{"start":{"line":44,"column":2},"end":{"line":44,"column":null}},"15":{"start":{"line":45,"column":2},"end":{"line":45,"column":null}},"16":{"start":{"line":46,"column":2},"end":{"line":46,"column":null}},"17":{"start":{"line":47,"column":2},"end":{"line":47,"column":null}},"18":{"start":{"line":48,"column":2},"end":{"line":48,"column":null}},"19":{"start":{"line":49,"column":2},"end":{"line":49,"column":null}},"20":{"start":{"line":50,"column":2},"end":{"line":50,"column":null}},"21":{"start":{"line":51,"column":2},"end":{"line":51,"column":null}},"22":{"start":{"line":52,"column":2},"end":{"line":52,"column":null}},"23":{"start":{"line":53,"column":2},"end":{"line":53,"column":null}},"24":{"start":{"line":54,"column":2},"end":{"line":54,"column":null}},"25":{"start":{"line":55,"column":2},"end":{"line":55,"column":null}},"26":{"start":{"line":56,"column":2},"end":{"line":56,"column":null}},"27":{"start":{"line":57,"column":2},"end":{"line":57,"column":null}},"28":{"start":{"line":58,"column":2},"end":{"line":58,"column":null}},"29":{"start":{"line":59,"column":2},"end":{"line":59,"column":null}},"30":{"start":{"line":60,"column":2},"end":{"line":60,"column":null}},"31":{"start":{"line":61,"column":2},"end":{"line":61,"column":null}},"32":{"start":{"line":62,"column":2},"end":{"line":62,"column":null}},"33":{"start":{"line":63,"column":2},"end":{"line":63,"column":null}},"34":{"start":{"line":64,"column":2},"end":{"line":64,"column":null}},"35":{"start":{"line":65,"column":2},"end":{"line":65,"column":null}},"36":{"start":{"line":66,"column":2},"end":{"line":66,"column":null}},"37":{"start":{"line":67,"column":2},"end":{"line":67,"column":null}},"38":{"start":{"line":68,"column":2},"end":{"line":68,"column":null}},"39":{"start":{"line":69,"column":2},"end":{"line":69,"column":null}},"40":{"start":{"line":70,"column":2},"end":{"line":70,"column":null}},"41":{"start":{"line":71,"column":2},"end":{"line":71,"column":null}},"42":{"start":{"line":72,"column":2},"end":{"line":72,"column":null}},"43":{"start":{"line":73,"column":2},"end":{"line":73,"column":null}},"44":{"start":{"line":74,"column":2},"end":{"line":74,"column":null}},"45":{"start":{"line":75,"column":2},"end":{"line":75,"column":null}},"46":{"start":{"line":76,"column":2},"end":{"line":76,"column":null}},"47":{"start":{"line":77,"column":2},"end":{"line":77,"column":null}},"48":{"start":{"line":78,"column":2},"end":{"line":78,"column":null}},"49":{"start":{"line":79,"column":2},"end":{"line":79,"column":null}},"50":{"start":{"line":80,"column":2},"end":{"line":80,"column":null}},"51":{"start":{"line":81,"column":2},"end":{"line":81,"column":null}},"52":{"start":{"line":82,"column":2},"end":{"line":82,"column":null}},"53":{"start":{"line":83,"column":2},"end":{"line":83,"column":null}},"54":{"start":{"line":84,"column":2},"end":{"line":84,"column":null}},"55":{"start":{"line":85,"column":2},"end":{"line":85,"column":null}},"56":{"start":{"line":86,"column":2},"end":{"line":86,"column":null}},"57":{"start":{"line":87,"column":2},"end":{"line":87,"column":null}},"58":{"start":{"line":88,"column":2},"end":{"line":88,"column":null}},"59":{"start":{"line":89,"column":2},"end":{"line":89,"column":null}},"60":{"start":{"line":90,"column":2},"end":{"line":90,"column":null}},"61":{"start":{"line":91,"column":2},"end":{"line":91,"column":null}},"62":{"start":{"line":92,"column":2},"end":{"line":92,"column":null}},"63":{"start":{"line":93,"column":2},"end":{"line":93,"column":null}},"64":{"start":{"line":94,"column":2},"end":{"line":94,"column":null}},"65":{"start":{"line":95,"column":2},"end":{"line":95,"column":null}},"66":{"start":{"line":96,"column":2},"end":{"line":96,"column":null}},"67":{"start":{"line":97,"column":2},"end":{"line":97,"column":null}},"68":{"start":{"line":98,"column":2},"end":{"line":98,"column":null}},"69":{"start":{"line":99,"column":2},"end":{"line":99,"column":null}},"70":{"start":{"line":100,"column":2},"end":{"line":100,"column":null}},"71":{"start":{"line":101,"column":2},"end":{"line":101,"column":null}},"72":{"start":{"line":102,"column":2},"end":{"line":102,"column":null}},"73":{"start":{"line":103,"column":2},"end":{"line":103,"column":null}},"74":{"start":{"line":104,"column":2},"end":{"line":104,"column":null}},"75":{"start":{"line":105,"column":2},"end":{"line":105,"column":null}},"76":{"start":{"line":106,"column":2},"end":{"line":106,"column":null}},"77":{"start":{"line":107,"column":2},"end":{"line":107,"column":null}},"78":{"start":{"line":108,"column":2},"end":{"line":108,"column":null}},"79":{"start":{"line":109,"column":2},"end":{"line":109,"column":null}},"80":{"start":{"line":110,"column":2},"end":{"line":110,"column":null}},"81":{"start":{"line":111,"column":2},"end":{"line":111,"column":null}},"82":{"start":{"line":112,"column":2},"end":{"line":112,"column":null}},"83":{"start":{"line":115,"column":7},"end":{"line":119,"column":null}},"84":{"start":{"line":116,"column":2},"end":{"line":116,"column":null}},"85":{"start":{"line":117,"column":2},"end":{"line":117,"column":null}},"86":{"start":{"line":118,"column":2},"end":{"line":118,"column":null}},"87":{"start":{"line":121,"column":7},"end":{"line":131,"column":null}},"88":{"start":{"line":122,"column":2},"end":{"line":122,"column":null}},"89":{"start":{"line":123,"column":2},"end":{"line":123,"column":null}},"90":{"start":{"line":124,"column":2},"end":{"line":124,"column":null}},"91":{"start":{"line":125,"column":2},"end":{"line":125,"column":null}},"92":{"start":{"line":126,"column":2},"end":{"line":126,"column":null}},"93":{"start":{"line":127,"column":2},"end":{"line":127,"column":null}},"94":{"start":{"line":128,"column":2},"end":{"line":128,"column":null}},"95":{"start":{"line":129,"column":2},"end":{"line":129,"column":null}},"96":{"start":{"line":130,"column":2},"end":{"line":130,"column":null}},"97":{"start":{"line":133,"column":7},"end":{"line":138,"column":null}},"98":{"start":{"line":134,"column":2},"end":{"line":134,"column":null}},"99":{"start":{"line":135,"column":2},"end":{"line":135,"column":null}},"100":{"start":{"line":136,"column":2},"end":{"line":136,"column":null}},"101":{"start":{"line":137,"column":2},"end":{"line":137,"column":null}},"102":{"start":{"line":140,"column":7},"end":{"line":143,"column":null}},"103":{"start":{"line":141,"column":2},"end":{"line":141,"column":null}},"104":{"start":{"line":142,"column":2},"end":{"line":142,"column":null}},"105":{"start":{"line":152,"column":7},"end":{"line":161,"column":null}},"106":{"start":{"line":153,"column":2},"end":{"line":153,"column":null}},"107":{"start":{"line":154,"column":2},"end":{"line":154,"column":null}},"108":{"start":{"line":155,"column":2},"end":{"line":155,"column":null}},"109":{"start":{"line":156,"column":2},"end":{"line":156,"column":null}},"110":{"start":{"line":157,"column":2},"end":{"line":157,"column":null}},"111":{"start":{"line":158,"column":2},"end":{"line":158,"column":null}},"112":{"start":{"line":159,"column":2},"end":{"line":159,"column":null}},"113":{"start":{"line":160,"column":2},"end":{"line":160,"column":null}},"114":{"start":{"line":163,"column":7},"end":{"line":166,"column":null}},"115":{"start":{"line":164,"column":2},"end":{"line":164,"column":null}},"116":{"start":{"line":165,"column":2},"end":{"line":165,"column":null}},"117":{"start":{"line":227,"column":7},"end":{"line":230,"column":null}},"118":{"start":{"line":228,"column":2},"end":{"line":228,"column":null}},"119":{"start":{"line":229,"column":2},"end":{"line":229,"column":null}},"120":{"start":{"line":232,"column":28},"end":{"line":236,"column":null}},"121":{"start":{"line":277,"column":7},"end":{"line":280,"column":null}},"122":{"start":{"line":278,"column":2},"end":{"line":278,"column":null}},"123":{"start":{"line":279,"column":2},"end":{"line":279,"column":null}},"124":{"start":{"line":322,"column":7},"end":{"line":327,"column":null}},"125":{"start":{"line":323,"column":2},"end":{"line":323,"column":null}},"126":{"start":{"line":324,"column":2},"end":{"line":324,"column":null}},"127":{"start":{"line":325,"column":2},"end":{"line":325,"column":null}},"128":{"start":{"line":326,"column":2},"end":{"line":326,"column":null}}},"fnMap":{"0":{"name":"(anonymous_0)","decl":{"start":{"line":32,"column":7},"end":{"line":32,"column":12}},"loc":{"start":{"line":32,"column":7},"end":{"line":113,"column":null}},"line":32},"1":{"name":"(anonymous_1)","decl":{"start":{"line":115,"column":7},"end":{"line":115,"column":12}},"loc":{"start":{"line":115,"column":7},"end":{"line":119,"column":null}},"line":115},"2":{"name":"(anonymous_2)","decl":{"start":{"line":121,"column":7},"end":{"line":121,"column":12}},"loc":{"start":{"line":121,"column":7},"end":{"line":131,"column":null}},"line":121},"3":{"name":"(anonymous_3)","decl":{"start":{"line":133,"column":7},"end":{"line":133,"column":12}},"loc":{"start":{"line":133,"column":7},"end":{"line":138,"column":null}},"line":133},"4":{"name":"(anonymous_4)","decl":{"start":{"line":140,"column":7},"end":{"line":140,"column":12}},"loc":{"start":{"line":140,"column":7},"end":{"line":143,"column":null}},"line":140},"5":{"name":"(anonymous_5)","decl":{"start":{"line":152,"column":7},"end":{"line":152,"column":12}},"loc":{"start":{"line":152,"column":7},"end":{"line":161,"column":null}},"line":152},"6":{"name":"(anonymous_6)","decl":{"start":{"line":163,"column":7},"end":{"line":163,"column":12}},"loc":{"start":{"line":163,"column":7},"end":{"line":166,"column":null}},"line":163},"7":{"name":"(anonymous_7)","decl":{"start":{"line":227,"column":7},"end":{"line":227,"column":12}},"loc":{"start":{"line":227,"column":7},"end":{"line":230,"column":null}},"line":227},"8":{"name":"(anonymous_8)","decl":{"start":{"line":277,"column":7},"end":{"line":277,"column":12}},"loc":{"start":{"line":277,"column":7},"end":{"line":280,"column":null}},"line":277},"9":{"name":"(anonymous_9)","decl":{"start":{"line":322,"column":7},"end":{"line":322,"column":12}},"loc":{"start":{"line":322,"column":7},"end":{"line":327,"column":null}},"line":322}},"branchMap":{},"s":{"0":1,"1":1,"2":1,"3":1,"4":1,"5":1,"6":1,"7":1,"8":1,"9":1,"10":1,"11":1,"12":1,"13":1,"14":1,"15":1,"16":1,"17":1,"18":1,"19":1,"20":1,"21":1,"22":1,"23":1,"24":1,"25":1,"26":1,"27":1,"28":1,"29":1,"30":1,"31":1,"32":1,"33":1,"34":1,"35":1,"36":1,"37":1,"38":1,"39":1,"40":1,"41":1,"42":1,"43":1,"44":1,"45":1,"46":1,"47":1,"48":1,"49":1,"50":1,"51":1,"52":1,"53":1,"54":1,"55":1,"56":1,"57":1,"58":1,"59":1,"60":1,"61":1,"62":1,"63":1,"64":1,"65":1,"66":1,"67":1,"68":1,"69":1,"70":1,"71":1,"72":1,"73":1,"74":1,"75":1,"76":1,"77":1,"78":1,"79":1,"80":1,"81":1,"82":1,"83":1,"84":1,"85":1,"86":1,"87":1,"88":1,"89":1,"90":1,"91":1,"92":1,"93":1,"94":1,"95":1,"96":1,"97":1,"98":1,"99":1,"100":1,"101":1,"102":1,"103":1,"104":1,"105":1,"106":1,"107":1,"108":1,"109":1,"110":1,"111":1,"112":1,"113":1,"114":1,"115":1,"116":1,"117":1,"118":1,"119":1,"120":1,"121":1,"122":1,"123":1,"124":1,"125":1,"126":1,"127":1,"128":1},"f":{"0":1,"1":1,"2":1,"3":1,"4":1,"5":1,"6":1,"7":1,"8":1,"9":1},"b":{},"meta":{"lastBranch":0,"lastFunction":10,"lastStatement":129,"seen":{"s:5:27:29:Infinity":0,"s:30:32:30:Infinity":1,"s:32:7:113:Infinity":2,"f:32:7:32:12":0,"s:33:2:33:Infinity":3,"s:34:2:34:Infinity":4,"s:35:2:35:Infinity":5,"s:36:2:36:Infinity":6,"s:37:2:37:Infinity":7,"s:38:2:38:Infinity":8,"s:39:2:39:Infinity":9,"s:40:2:40:Infinity":10,"s:41:2:41:Infinity":11,"s:42:2:42:Infinity":12,"s:43:2:43:Infinity":13,"s:44:2:44:Infinity":14,"s:45:2:45:Infinity":15,"s:46:2:46:Infinity":16,"s:47:2:47:Infinity":17,"s:48:2:48:Infinity":18,"s:49:2:49:Infinity":19,"s:50:2:50:Infinity":20,"s:51:2:51:Infinity":21,"s:52:2:52:Infinity":22,"s:53:2:53:Infinity":23,"s:54:2:54:Infinity":24,"s:55:2:55:Infinity":25,"s:56:2:56:Infinity":26,"s:57:2:57:Infinity":27,"s:58:2:58:Infinity":28,"s:59:2:59:Infinity":29,"s:60:2:60:Infinity":30,"s:61:2:61:Infinity":31,"s:62:2:62:Infinity":32,"s:63:2:63:Infinity":33,"s:64:2:64:Infinity":34,"s:65:2:65:Infinity":35,"s:66:2:66:Infinity":36,"s:67:2:67:Infinity":37,"s:68:2:68:Infinity":38,"s:69:2:69:Infinity":39,"s:70:2:70:Infinity":40,"s:71:2:71:Infinity":41,"s:72:2:72:Infinity":42,"s:73:2:73:Infinity":43,"s:74:2:74:Infinity":44,"s:75:2:75:Infinity":45,"s:76:2:76:Infinity":46,"s:77:2:77:Infinity":47,"s:78:2:78:Infinity":48,"s:79:2:79:Infinity":49,"s:80:2:80:Infinity":50,"s:81:2:81:Infinity":51,"s:82:2:82:Infinity":52,"s:83:2:83:Infinity":53,"s:84:2:84:Infinity":54,"s:85:2:85:Infinity":55,"s:86:2:86:Infinity":56,"s:87:2:87:Infinity":57,"s:88:2:88:Infinity":58,"s:89:2:89:Infinity":59,"s:90:2:90:Infinity":60,"s:91:2:91:Infinity":61,"s:92:2:92:Infinity":62,"s:93:2:93:Infinity":63,"s:94:2:94:Infinity":64,"s:95:2:95:Infinity":65,"s:96:2:96:Infinity":66,"s:97:2:97:Infinity":67,"s:98:2:98:Infinity":68,"s:99:2:99:Infinity":69,"s:100:2:100:Infinity":70,"s:101:2:101:Infinity":71,"s:102:2:102:Infinity":72,"s:103:2:103:Infinity":73,"s:104:2:104:Infinity":74,"s:105:2:105:Infinity":75,"s:106:2:106:Infinity":76,"s:107:2:107:Infinity":77,"s:108:2:108:Infinity":78,"s:109:2:109:Infinity":79,"s:110:2:110:Infinity":80,"s:111:2:111:Infinity":81,"s:112:2:112:Infinity":82,"s:115:7:119:Infinity":83,"f:115:7:115:12":1,"s:116:2:116:Infinity":84,"s:117:2:117:Infinity":85,"s:118:2:118:Infinity":86,"s:121:7:131:Infinity":87,"f:121:7:121:12":2,"s:122:2:122:Infinity":88,"s:123:2:123:Infinity":89,"s:124:2:124:Infinity":90,"s:125:2:125:Infinity":91,"s:126:2:126:Infinity":92,"s:127:2:127:Infinity":93,"s:128:2:128:Infinity":94,"s:129:2:129:Infinity":95,"s:130:2:130:Infinity":96,"s:133:7:138:Infinity":97,"f:133:7:133:12":3,"s:134:2:134:Infinity":98,"s:135:2:135:Infinity":99,"s:136:2:136:Infinity":100,"s:137:2:137:Infinity":101,"s:140:7:143:Infinity":102,"f:140:7:140:12":4,"s:141:2:141:Infinity":103,"s:142:2:142:Infinity":104,"s:152:7:161:Infinity":105,"f:152:7:152:12":5,"s:153:2:153:Infinity":106,"s:154:2:154:Infinity":107,"s:155:2:155:Infinity":108,"s:156:2:156:Infinity":109,"s:157:2:157:Infinity":110,"s:158:2:158:Infinity":111,"s:159:2:159:Infinity":112,"s:160:2:160:Infinity":113,"s:163:7:166:Infinity":114,"f:163:7:163:12":6,"s:164:2:164:Infinity":115,"s:165:2:165:Infinity":116,"s:227:7:230:Infinity":117,"f:227:7:227:12":7,"s:228:2:228:Infinity":118,"s:229:2:229:Infinity":119,"s:232:28:236:Infinity":120,"s:277:7:280:Infinity":121,"f:277:7:277:12":8,"s:278:2:278:Infinity":122,"s:279:2:279:Infinity":123,"s:322:7:327:Infinity":124,"f:322:7:322:12":9,"s:323:2:323:Infinity":125,"s:324:2:324:Infinity":126,"s:325:2:325:Infinity":127,"s:326:2:326:Infinity":128},"fnNames":{}}}
,"/workspace/src/components/ui/Text.tsx": {"path":"/workspace/src/components/ui/Text.tsx","statementMap":{"0":{"start":{"line":20,"column":13},"end":{"line":40,"column":null}},"1":{"start":{"line":22,"column":22},"end":{"line":22,"column":null}},"2":{"start":{"line":24,"column":4},"end":{"line":37,"column":null}},"3":{"start":{"line":42,"column":0},"end":{"line":42,"column":null}}},"fnMap":{"0":{"name":"(anonymous_0)","decl":{"start":{"line":20,"column":20},"end":{"line":20,"column":null}},"loc":{"start":{"line":21,"column":94},"end":{"line":39,"column":null}},"line":21}},"branchMap":{"0":{"loc":{"start":{"line":21,"column":5},"end":{"line":21,"column":34}},"type":"default-arg","locations":[{"start":{"line":21,"column":15},"end":{"line":21,"column":34}}],"line":21},"1":{"loc":{"start":{"line":22,"column":22},"end":{"line":22,"column":null}},"type":"binary-expr","locations":[{"start":{"line":22,"column":22},"end":{"line":22,"column":28}},{"start":{"line":22,"column":28},"end":{"line":22,"column":null}}],"line":22},"2":{"loc":{"start":{"line":29,"column":27},"end":{"line":29,"column":null}},"type":"binary-expr","locations":[{"start":{"line":29,"column":27},"end":{"line":29,"column":37}},{"start":{"line":29,"column":37},"end":{"line":29,"column":null}}],"line":29},"3":{"loc":{"start":{"line":30,"column":26},"end":{"line":30,"column":null}},"type":"binary-expr","locations":[{"start":{"line":30,"column":26},"end":{"line":30,"column":35}},{"start":{"line":30,"column":35},"end":{"line":30,"column":null}}],"line":30}},"s":{"0":1,"1":25,"2":25,"3":1},"f":{"0":25},"b":{"0":[25],"1":[25,25],"2":[25,25],"3":[25,25]},"meta":{"lastBranch":4,"lastFunction":1,"lastStatement":4,"seen":{"s:20:13:40:Infinity":0,"f:20:20:20:Infinity":0,"b:21:15:21:34":0,"s:22:22:22:Infinity":1,"b:22:22:22:28:22:28:22:Infinity":1,"s:24:4:37:Infinity":2,"b:29:27:29:37:29:37:29:Infinity":2,"b:30:26:30:35:30:35:30:Infinity":3,"s:42:0:42:Infinity":3},"fnNames":{}}}
,"/workspace/src/hooks/useAndroidBackHandler.ts": {"path":"/workspace/src/hooks/useAndroidBackHandler.ts","statementMap":{"0":{"start":{"line":6,"column":2},"end":{"line":100,"column":null}},"1":{"start":{"line":7,"column":23},"end":{"line":7,"column":null}},"2":{"start":{"line":8,"column":4},"end":{"line":8,"column":null}},"3":{"start":{"line":8,"column":34},"end":{"line":8,"column":null}},"4":{"start":{"line":10,"column":4},"end":{"line":95,"column":null}},"5":{"start":{"line":11,"column":17},"end":{"line":11,"column":null}},"6":{"start":{"line":13,"column":6},"end":{"line":16,"column":null}},"7":{"start":{"line":14,"column":8},"end":{"line":14,"column":null}},"8":{"start":{"line":14,"column":34},"end":{"line":14,"column":103}},"9":{"start":{"line":15,"column":8},"end":{"line":15,"column":null}},"10":{"start":{"line":17,"column":6},"end":{"line":20,"column":null}},"11":{"start":{"line":18,"column":8},"end":{"line":18,"column":null}},"12":{"start":{"line":19,"column":8},"end":{"line":19,"column":null}},"13":{"start":{"line":21,"column":6},"end":{"line":24,"column":null}},"14":{"start":{"line":22,"column":8},"end":{"line":22,"column":null}},"15":{"start":{"line":23,"column":8},"end":{"line":23,"column":null}},"16":{"start":{"line":25,"column":6},"end":{"line":28,"column":null}},"17":{"start":{"line":26,"column":8},"end":{"line":26,"column":null}},"18":{"start":{"line":27,"column":8},"end":{"line":27,"column":null}},"19":{"start":{"line":29,"column":6},"end":{"line":32,"column":null}},"20":{"start":{"line":30,"column":8},"end":{"line":30,"column":null}},"21":{"start":{"line":31,"column":8},"end":{"line":31,"column":null}},"22":{"start":{"line":33,"column":6},"end":{"line":36,"column":null}},"23":{"start":{"line":34,"column":8},"end":{"line":34,"column":null}},"24":{"start":{"line":35,"column":8},"end":{"line":35,"column":null}},"25":{"start":{"line":37,"column":6},"end":{"line":40,"column":null}},"26":{"start":{"line":38,"column":8},"end":{"line":38,"column":null}},"27":{"start":{"line":39,"column":8},"end":{"line":39,"column":null}},"28":{"start":{"line":41,"column":6},"end":{"line":44,"column":null}},"29":{"start":{"line":42,"column":8},"end":{"line":42,"column":null}},"30":{"start":{"line":43,"column":8},"end":{"line":43,"column":null}},"31":{"start":{"line":45,"column":6},"end":{"line":48,"column":null}},"32":{"start":{"line":46,"column":8},"end":{"line":46,"column":null}},"33":{"start":{"line":47,"column":8},"end":{"line":47,"column":null}},"34":{"start":{"line":49,"column":6},"end":{"line":61,"column":null}},"35":{"start":{"line":50,"column":8},"end":{"line":59,"column":null}},"36":{"start":{"line":60,"column":8},"end":{"line":60,"column":null}},"37":{"start":{"line":62,"column":6},"end":{"line":74,"column":null}},"38":{"start":{"line":63,"column":8},"end":{"line":72,"column":null}},"39":{"start":{"line":73,"column":8},"end":{"line":73,"column":null}},"40":{"start":{"line":75,"column":6},"end":{"line":78,"column":null}},"41":{"start":{"line":76,"column":8},"end":{"line":76,"column":null}},"42":{"start":{"line":76,"column":34},"end":{"line":76,"column":105}},"43":{"start":{"line":77,"column":8},"end":{"line":77,"column":null}},"44":{"start":{"line":79,"column":6},"end":{"line":82,"column":null}},"45":{"start":{"line":80,"column":8},"end":{"line":80,"column":null}},"46":{"start":{"line":80,"column":34},"end":{"line":80,"column":103}},"47":{"start":{"line":81,"column":8},"end":{"line":81,"column":null}},"48":{"start":{"line":83,"column":6},"end":{"line":88,"column":null}},"49":{"start":{"line":84,"column":8},"end":{"line":86,"column":null}},"50":{"start":{"line":87,"column":8},"end":{"line":87,"column":null}},"51":{"start":{"line":89,"column":6},"end":{"line":92,"column":null}},"52":{"start":{"line":90,"column":8},"end":{"line":90,"column":null}},"53":{"start":{"line":91,"column":8},"end":{"line":91,"column":null}},"54":{"start":{"line":94,"column":6},"end":{"line":94,"column":null}},"55":{"start":{"line":97,"column":4},"end":{"line":99,"column":null}},"56":{"start":{"line":98,"column":6},"end":{"line":98,"column":null}}},"fnMap":{"0":{"name":"useAndroidBackHandler","decl":{"start":{"line":5,"column":16},"end":{"line":5,"column":40}},"loc":{"start":{"line":5,"column":40},"end":{"line":101,"column":null}},"line":5},"1":{"name":"(anonymous_1)","decl":{"start":{"line":6,"column":2},"end":{"line":6,"column":18}},"loc":{"start":{"line":6,"column":18},"end":{"line":100,"column":5}},"line":6},"2":{"name":"(anonymous_2)","decl":{"start":{"line":10,"column":20},"end":{"line":10,"column":48}},"loc":{"start":{"line":10,"column":48},"end":{"line":95,"column":null}},"line":10},"3":{"name":"(anonymous_3)","decl":{"start":{"line":14,"column":11},"end":{"line":14,"column":18}},"loc":{"start":{"line":14,"column":34},"end":{"line":14,"column":103}},"line":14},"4":{"name":"(anonymous_4)","decl":{"start":{"line":76,"column":11},"end":{"line":76,"column":18}},"loc":{"start":{"line":76,"column":34},"end":{"line":76,"column":105}},"line":76},"5":{"name":"(anonymous_5)","decl":{"start":{"line":80,"column":11},"end":{"line":80,"column":18}},"loc":{"start":{"line":80,"column":34},"end":{"line":80,"column":103}},"line":80},"6":{"name":"(anonymous_6)","decl":{"start":{"line":97,"column":4},"end":{"line":97,"column":17}},"loc":{"start":{"line":97,"column":17},"end":{"line":99,"column":null}},"line":97}},"branchMap":{"0":{"loc":{"start":{"line":8,"column":4},"end":{"line":8,"column":null}},"type":"if","locations":[{"start":{"line":8,"column":4},"end":{"line":8,"column":null}},{"start":{},"end":{}}],"line":8},"1":{"loc":{"start":{"line":13,"column":6},"end":{"line":16,"column":null}},"type":"if","locations":[{"start":{"line":13,"column":6},"end":{"line":16,"column":null}},{"start":{},"end":{}}],"line":13},"2":{"loc":{"start":{"line":17,"column":6},"end":{"line":20,"column":null}},"type":"if","locations":[{"start":{"line":17,"column":6},"end":{"line":20,"column":null}},{"start":{},"end":{}}],"line":17},"3":{"loc":{"start":{"line":21,"column":6},"end":{"line":24,"column":null}},"type":"if","locations":[{"start":{"line":21,"column":6},"end":{"line":24,"column":null}},{"start":{},"end":{}}],"line":21},"4":{"loc":{"start":{"line":25,"column":6},"end":{"line":28,"column":null}},"type":"if","locations":[{"start":{"line":25,"column":6},"end":{"line":28,"column":null}},{"start":{},"end":{}}],"line":25},"5":{"loc":{"start":{"line":29,"column":6},"end":{"line":32,"column":null}},"type":"if","locations":[{"start":{"line":29,"column":6},"end":{"line":32,"column":null}},{"start":{},"end":{}}],"line":29},"6":{"loc":{"start":{"line":33,"column":6},"end":{"line":36,"column":null}},"type":"if","locations":[{"start":{"line":33,"column":6},"end":{"line":36,"column":null}},{"start":{},"end":{}}],"line":33},"7":{"loc":{"start":{"line":37,"column":6},"end":{"line":40,"column":null}},"type":"if","locations":[{"start":{"line":37,"column":6},"end":{"line":40,"column":null}},{"start":{},"end":{}}],"line":37},"8":{"loc":{"start":{"line":41,"column":6},"end":{"line":44,"column":null}},"type":"if","locations":[{"start":{"line":41,"column":6},"end":{"line":44,"column":null}},{"start":{},"end":{}}],"line":41},"9":{"loc":{"start":{"line":45,"column":6},"end":{"line":48,"column":null}},"type":"if","locations":[{"start":{"line":45,"column":6},"end":{"line":48,"column":null}},{"start":{},"end":{}}],"line":45},"10":{"loc":{"start":{"line":49,"column":6},"end":{"line":61,"column":null}},"type":"if","locations":[{"start":{"line":49,"column":6},"end":{"line":61,"column":null}},{"start":{},"end":{}}],"line":49},"11":{"loc":{"start":{"line":62,"column":6},"end":{"line":74,"column":null}},"type":"if","locations":[{"start":{"line":62,"column":6},"end":{"line":74,"column":null}},{"start":{},"end":{}}],"line":62},"12":{"loc":{"start":{"line":75,"column":6},"end":{"line":78,"column":null}},"type":"if","locations":[{"start":{"line":75,"column":6},"end":{"line":78,"column":null}},{"start":{},"end":{}}],"line":75},"13":{"loc":{"start":{"line":79,"column":6},"end":{"line":82,"column":null}},"type":"if","locations":[{"start":{"line":79,"column":6},"end":{"line":82,"column":null}},{"start":{},"end":{}}],"line":79},"14":{"loc":{"start":{"line":83,"column":6},"end":{"line":88,"column":null}},"type":"if","locations":[{"start":{"line":83,"column":6},"end":{"line":88,"column":null}},{"start":{},"end":{}}],"line":83},"15":{"loc":{"start":{"line":89,"column":6},"end":{"line":92,"column":null}},"type":"if","locations":[{"start":{"line":89,"column":6},"end":{"line":92,"column":null}},{"start":{},"end":{}}],"line":89}},"s":{"0":4,"1":4,"2":4,"3":1,"4":3,"5":2,"6":2,"7":1,"8":0,"9":1,"10":1,"11":0,"12":0,"13":1,"14":0,"15":0,"16":1,"17":0,"18":0,"19":1,"20":0,"21":0,"22":1,"23":0,"24":0,"25":1,"26":0,"27":0,"28":1,"29":0,"30":0,"31":1,"32":0,"33":0,"34":1,"35":0,"36":0,"37":1,"38":0,"39":0,"40":1,"41":0,"42":0,"43":0,"44":1,"45":0,"46":0,"47":0,"48":1,"49":0,"50":0,"51":1,"52":0,"53":0,"54":1,"55":3,"56":3},"f":{"0":4,"1":4,"2":2,"3":0,"4":0,"5":0,"6":3},"b":{"0":[1,3],"1":[1,1],"2":[0,1],"3":[0,1],"4":[0,1],"5":[0,1],"6":[0,1],"7":[0,1],"8":[0,1],"9":[0,1],"10":[0,1],"11":[0,1],"12":[0,1],"13":[0,1],"14":[0,1],"15":[0,1]},"meta":{"lastBranch":16,"lastFunction":7,"lastStatement":57,"seen":{"f:5:16:5:40":0,"s:6:2:100:Infinity":0,"f:6:2:6:18":1,"s:7:23:7:Infinity":1,"b:8:4:8:Infinity:undefined:undefined:undefined:undefined":0,"s:8:4:8:Infinity":2,"s:8:34:8:Infinity":3,"s:10:4:95:Infinity":4,"f:10:20:10:48":2,"s:11:17:11:Infinity":5,"b:13:6:16:Infinity:undefined:undefined:undefined:undefined":1,"s:13:6:16:Infinity":6,"s:14:8:14:Infinity":7,"f:14:11:14:18":3,"s:14:34:14:103":8,"s:15:8:15:Infinity":9,"b:17:6:20:Infinity:undefined:undefined:undefined:undefined":2,"s:17:6:20:Infinity":10,"s:18:8:18:Infinity":11,"s:19:8:19:Infinity":12,"b:21:6:24:Infinity:undefined:undefined:undefined:undefined":3,"s:21:6:24:Infinity":13,"s:22:8:22:Infinity":14,"s:23:8:23:Infinity":15,"b:25:6:28:Infinity:undefined:undefined:undefined:undefined":4,"s:25:6:28:Infinity":16,"s:26:8:26:Infinity":17,"s:27:8:27:Infinity":18,"b:29:6:32:Infinity:undefined:undefined:undefined:undefined":5,"s:29:6:32:Infinity":19,"s:30:8:30:Infinity":20,"s:31:8:31:Infinity":21,"b:33:6:36:Infinity:undefined:undefined:undefined:undefined":6,"s:33:6:36:Infinity":22,"s:34:8:34:Infinity":23,"s:35:8:35:Infinity":24,"b:37:6:40:Infinity:undefined:undefined:undefined:undefined":7,"s:37:6:40:Infinity":25,"s:38:8:38:Infinity":26,"s:39:8:39:Infinity":27,"b:41:6:44:Infinity:undefined:undefined:undefined:undefined":8,"s:41:6:44:Infinity":28,"s:42:8:42:Infinity":29,"s:43:8:43:Infinity":30,"b:45:6:48:Infinity:undefined:undefined:undefined:undefined":9,"s:45:6:48:Infinity":31,"s:46:8:46:Infinity":32,"s:47:8:47:Infinity":33,"b:49:6:61:Infinity:undefined:undefined:undefined:undefined":10,"s:49:6:61:Infinity":34,"s:50:8:59:Infinity":35,"s:60:8:60:Infinity":36,"b:62:6:74:Infinity:undefined:undefined:undefined:undefined":11,"s:62:6:74:Infinity":37,"s:63:8:72:Infinity":38,"s:73:8:73:Infinity":39,"b:75:6:78:Infinity:undefined:undefined:undefined:undefined":12,"s:75:6:78:Infinity":40,"s:76:8:76:Infinity":41,"f:76:11:76:18":4,"s:76:34:76:105":42,"s:77:8:77:Infinity":43,"b:79:6:82:Infinity:undefined:undefined:undefined:undefined":13,"s:79:6:82:Infinity":44,"s:80:8:80:Infinity":45,"f:80:11:80:18":5,"s:80:34:80:103":46,"s:81:8:81:Infinity":47,"b:83:6:88:Infinity:undefined:undefined:undefined:undefined":14,"s:83:6:88:Infinity":48,"s:84:8:86:Infinity":49,"s:87:8:87:Infinity":50,"b:89:6:92:Infinity:undefined:undefined:undefined:undefined":15,"s:89:6:92:Infinity":51,"s:90:8:90:Infinity":52,"s:91:8:91:Infinity":53,"s:94:6:94:Infinity":54,"s:97:4:99:Infinity":55,"f:97:4:97:17":6,"s:98:6:98:Infinity":56},"fnNames":{}}}
,"/workspace/src/hooks/useTouchGestures.ts": {"path":"/workspace/src/hooks/useTouchGestures.ts","statementMap":{"0":{"start":{"line":9,"column":2},"end":{"line":9,"column":null}},"1":{"start":{"line":13,"column":13},"end":{"line":13,"column":null}},"2":{"start":{"line":14,"column":13},"end":{"line":14,"column":null}},"3":{"start":{"line":15,"column":2},"end":{"line":15,"column":null}},"4":{"start":{"line":19,"column":2},"end":{"line":19,"column":null}},"5":{"start":{"line":23,"column":2},"end":{"line":23,"column":null}},"6":{"start":{"line":38,"column":19},"end":{"line":38,"column":null}},"7":{"start":{"line":39,"column":19},"end":{"line":39,"column":null}},"8":{"start":{"line":40,"column":24},"end":{"line":40,"column":null}},"9":{"start":{"line":42,"column":8},"end":{"line":42,"column":null}},"10":{"start":{"line":43,"column":8},"end":{"line":43,"column":null}},"11":{"start":{"line":45,"column":8},"end":{"line":51,"column":null}},"12":{"start":{"line":46,"column":4},"end":{"line":46,"column":null}},"13":{"start":{"line":46,"column":32},"end":{"line":46,"column":null}},"14":{"start":{"line":47,"column":4},"end":{"line":47,"column":null}},"15":{"start":{"line":48,"column":15},"end":{"line":48,"column":null}},"16":{"start":{"line":49,"column":15},"end":{"line":49,"column":null}},"17":{"start":{"line":50,"column":4},"end":{"line":50,"column":null}},"18":{"start":{"line":53,"column":8},"end":{"line":69,"column":null}},"19":{"start":{"line":55,"column":6},"end":{"line":55,"column":null}},"20":{"start":{"line":55,"column":34},"end":{"line":55,"column":null}},"21":{"start":{"line":56,"column":6},"end":{"line":56,"column":null}},"22":{"start":{"line":57,"column":17},"end":{"line":57,"column":null}},"23":{"start":{"line":58,"column":17},"end":{"line":58,"column":null}},"24":{"start":{"line":59,"column":30},"end":{"line":59,"column":null}},"25":{"start":{"line":60,"column":6},"end":{"line":63,"column":null}},"26":{"start":{"line":61,"column":8},"end":{"line":61,"column":null}},"27":{"start":{"line":62,"column":8},"end":{"line":62,"column":null}},"28":{"start":{"line":64,"column":20},"end":{"line":64,"column":null}},"29":{"start":{"line":65,"column":23},"end":{"line":65,"column":null}},"30":{"start":{"line":66,"column":6},"end":{"line":66,"column":null}},"31":{"start":{"line":71,"column":8},"end":{"line":79,"column":null}},"32":{"start":{"line":72,"column":4},"end":{"line":78,"column":null}},"33":{"start":{"line":75,"column":6},"end":{"line":75,"column":null}},"34":{"start":{"line":81,"column":2},"end":{"line":94,"column":null}},"35":{"start":{"line":82,"column":15},"end":{"line":82,"column":null}},"36":{"start":{"line":83,"column":4},"end":{"line":83,"column":null}},"37":{"start":{"line":83,"column":13},"end":{"line":83,"column":null}},"38":{"start":{"line":85,"column":4},"end":{"line":85,"column":null}},"39":{"start":{"line":86,"column":4},"end":{"line":86,"column":null}},"40":{"start":{"line":87,"column":4},"end":{"line":87,"column":null}},"41":{"start":{"line":89,"column":4},"end":{"line":93,"column":null}},"42":{"start":{"line":90,"column":6},"end":{"line":90,"column":null}},"43":{"start":{"line":91,"column":6},"end":{"line":91,"column":null}},"44":{"start":{"line":92,"column":6},"end":{"line":92,"column":null}},"45":{"start":{"line":96,"column":2},"end":{"line":100,"column":null}},"46":{"start":{"line":98,"column":6},"end":{"line":98,"column":null}},"47":{"start":{"line":113,"column":27},"end":{"line":113,"column":null}},"48":{"start":{"line":114,"column":8},"end":{"line":114,"column":null}},"49":{"start":{"line":115,"column":8},"end":{"line":115,"column":null}},"50":{"start":{"line":117,"column":8},"end":{"line":123,"column":null}},"51":{"start":{"line":118,"column":4},"end":{"line":118,"column":null}},"52":{"start":{"line":118,"column":32},"end":{"line":118,"column":null}},"53":{"start":{"line":119,"column":4},"end":{"line":119,"column":null}},"54":{"start":{"line":120,"column":15},"end":{"line":120,"column":null}},"55":{"start":{"line":121,"column":15},"end":{"line":121,"column":null}},"56":{"start":{"line":122,"column":4},"end":{"line":122,"column":null}},"57":{"start":{"line":125,"column":8},"end":{"line":137,"column":null}},"58":{"start":{"line":127,"column":6},"end":{"line":127,"column":null}},"59":{"start":{"line":127,"column":34},"end":{"line":127,"column":null}},"60":{"start":{"line":128,"column":6},"end":{"line":128,"column":null}},"61":{"start":{"line":129,"column":17},"end":{"line":129,"column":null}},"62":{"start":{"line":130,"column":17},"end":{"line":130,"column":null}},"63":{"start":{"line":131,"column":27},"end":{"line":131,"column":null}},"64":{"start":{"line":132,"column":20},"end":{"line":132,"column":null}},"65":{"start":{"line":133,"column":26},"end":{"line":133,"column":null}},"66":{"start":{"line":134,"column":6},"end":{"line":134,"column":null}},"67":{"start":{"line":139,"column":8},"end":{"line":143,"column":null}},"68":{"start":{"line":140,"column":4},"end":{"line":142,"column":null}},"69":{"start":{"line":141,"column":6},"end":{"line":141,"column":null}},"70":{"start":{"line":145,"column":2},"end":{"line":158,"column":null}},"71":{"start":{"line":146,"column":15},"end":{"line":146,"column":null}},"72":{"start":{"line":147,"column":4},"end":{"line":147,"column":null}},"73":{"start":{"line":147,"column":13},"end":{"line":147,"column":null}},"74":{"start":{"line":149,"column":4},"end":{"line":149,"column":null}},"75":{"start":{"line":150,"column":4},"end":{"line":150,"column":null}},"76":{"start":{"line":151,"column":4},"end":{"line":151,"column":null}},"77":{"start":{"line":153,"column":4},"end":{"line":157,"column":null}},"78":{"start":{"line":154,"column":6},"end":{"line":154,"column":null}},"79":{"start":{"line":155,"column":6},"end":{"line":155,"column":null}},"80":{"start":{"line":156,"column":6},"end":{"line":156,"column":null}},"81":{"start":{"line":160,"column":2},"end":{"line":164,"column":null}},"82":{"start":{"line":162,"column":6},"end":{"line":162,"column":null}},"83":{"start":{"line":179,"column":22},"end":{"line":179,"column":null}},"84":{"start":{"line":180,"column":21},"end":{"line":180,"column":null}},"85":{"start":{"line":181,"column":19},"end":{"line":181,"column":null}},"86":{"start":{"line":183,"column":8},"end":{"line":183,"column":null}},"87":{"start":{"line":184,"column":8},"end":{"line":184,"column":null}},"88":{"start":{"line":185,"column":8},"end":{"line":185,"column":null}},"89":{"start":{"line":187,"column":8},"end":{"line":196,"column":null}},"90":{"start":{"line":189,"column":6},"end":{"line":189,"column":null}},"91":{"start":{"line":189,"column":34},"end":{"line":189,"column":null}},"92":{"start":{"line":190,"column":20},"end":{"line":190,"column":null}},"93":{"start":{"line":191,"column":6},"end":{"line":191,"column":null}},"94":{"start":{"line":192,"column":6},"end":{"line":192,"column":null}},"95":{"start":{"line":193,"column":6},"end":{"line":193,"column":null}},"96":{"start":{"line":198,"column":8},"end":{"line":208,"column":null}},"97":{"start":{"line":200,"column":6},"end":{"line":200,"column":null}},"98":{"start":{"line":200,"column":85},"end":{"line":200,"column":null}},"99":{"start":{"line":201,"column":6},"end":{"line":201,"column":null}},"100":{"start":{"line":202,"column":27},"end":{"line":202,"column":null}},"101":{"start":{"line":203,"column":17},"end":{"line":203,"column":null}},"102":{"start":{"line":204,"column":17},"end":{"line":204,"column":null}},"103":{"start":{"line":205,"column":6},"end":{"line":205,"column":null}},"104":{"start":{"line":210,"column":8},"end":{"line":228,"column":null}},"105":{"start":{"line":212,"column":6},"end":{"line":212,"column":null}},"106":{"start":{"line":212,"column":59},"end":{"line":212,"column":null}},"107":{"start":{"line":214,"column":6},"end":{"line":222,"column":null}},"108":{"start":{"line":215,"column":25},"end":{"line":215,"column":null}},"109":{"start":{"line":216,"column":19},"end":{"line":216,"column":null}},"110":{"start":{"line":217,"column":19},"end":{"line":217,"column":null}},"111":{"start":{"line":218,"column":8},"end":{"line":221,"column":null}},"112":{"start":{"line":223,"column":6},"end":{"line":223,"column":null}},"113":{"start":{"line":224,"column":6},"end":{"line":224,"column":null}},"114":{"start":{"line":225,"column":6},"end":{"line":225,"column":null}},"115":{"start":{"line":230,"column":2},"end":{"line":243,"column":null}},"116":{"start":{"line":231,"column":15},"end":{"line":231,"column":null}},"117":{"start":{"line":232,"column":4},"end":{"line":232,"column":null}},"118":{"start":{"line":232,"column":13},"end":{"line":232,"column":null}},"119":{"start":{"line":234,"column":4},"end":{"line":234,"column":null}},"120":{"start":{"line":235,"column":4},"end":{"line":235,"column":null}},"121":{"start":{"line":236,"column":4},"end":{"line":236,"column":null}},"122":{"start":{"line":238,"column":4},"end":{"line":242,"column":null}},"123":{"start":{"line":239,"column":6},"end":{"line":239,"column":null}},"124":{"start":{"line":240,"column":6},"end":{"line":240,"column":null}},"125":{"start":{"line":241,"column":6},"end":{"line":241,"column":null}},"126":{"start":{"line":245,"column":2},"end":{"line":253,"column":null}},"127":{"start":{"line":247,"column":6},"end":{"line":247,"column":null}},"128":{"start":{"line":248,"column":6},"end":{"line":248,"column":null}},"129":{"start":{"line":251,"column":6},"end":{"line":251,"column":null}},"130":{"start":{"line":267,"column":20},"end":{"line":267,"column":null}},"131":{"start":{"line":268,"column":22},"end":{"line":268,"column":null}},"132":{"start":{"line":269,"column":23},"end":{"line":269,"column":null}},"133":{"start":{"line":271,"column":8},"end":{"line":271,"column":null}},"134":{"start":{"line":272,"column":8},"end":{"line":272,"column":null}},"135":{"start":{"line":274,"column":8},"end":{"line":278,"column":null}},"136":{"start":{"line":275,"column":4},"end":{"line":275,"column":null}},"137":{"start":{"line":275,"column":32},"end":{"line":275,"column":null}},"138":{"start":{"line":276,"column":4},"end":{"line":276,"column":null}},"139":{"start":{"line":277,"column":4},"end":{"line":277,"column":null}},"140":{"start":{"line":280,"column":8},"end":{"line":285,"column":null}},"141":{"start":{"line":287,"column":8},"end":{"line":311,"column":null}},"142":{"start":{"line":289,"column":6},"end":{"line":289,"column":null}},"143":{"start":{"line":289,"column":67},"end":{"line":289,"column":null}},"144":{"start":{"line":290,"column":23},"end":{"line":290,"column":null}},"145":{"start":{"line":291,"column":17},"end":{"line":291,"column":null}},"146":{"start":{"line":292,"column":17},"end":{"line":292,"column":null}},"147":{"start":{"line":293,"column":17},"end":{"line":293,"column":null}},"148":{"start":{"line":296,"column":32},"end":{"line":296,"column":null}},"149":{"start":{"line":297,"column":27},"end":{"line":297,"column":null}},"150":{"start":{"line":298,"column":31},"end":{"line":298,"column":null}},"151":{"start":{"line":300,"column":6},"end":{"line":306,"column":null}},"152":{"start":{"line":301,"column":8},"end":{"line":305,"column":null}},"153":{"start":{"line":302,"column":10},"end":{"line":302,"column":null}},"154":{"start":{"line":304,"column":10},"end":{"line":304,"column":null}},"155":{"start":{"line":308,"column":6},"end":{"line":308,"column":null}},"156":{"start":{"line":313,"column":2},"end":{"line":330,"column":null}},"157":{"start":{"line":314,"column":20},"end":{"line":318,"column":null}},"158":{"start":{"line":321,"column":4},"end":{"line":321,"column":null}},"159":{"start":{"line":322,"column":4},"end":{"line":322,"column":null}},"160":{"start":{"line":323,"column":4},"end":{"line":323,"column":null}},"161":{"start":{"line":325,"column":4},"end":{"line":329,"column":null}},"162":{"start":{"line":326,"column":6},"end":{"line":326,"column":null}},"163":{"start":{"line":327,"column":6},"end":{"line":327,"column":null}},"164":{"start":{"line":328,"column":6},"end":{"line":328,"column":null}}},"fnMap":{"0":{"name":"getTouchPoint","decl":{"start":{"line":8,"column":9},"end":{"line":8,"column":23}},"loc":{"start":{"line":8,"column":44},"end":{"line":10,"column":null}},"line":8},"1":{"name":"getDistance","decl":{"start":{"line":12,"column":9},"end":{"line":12,"column":21}},"loc":{"start":{"line":12,"column":51},"end":{"line":16,"column":null}},"line":12},"2":{"name":"getAngle","decl":{"start":{"line":18,"column":9},"end":{"line":18,"column":18}},"loc":{"start":{"line":18,"column":48},"end":{"line":20,"column":null}},"line":18},"3":{"name":"getMidpoint","decl":{"start":{"line":22,"column":9},"end":{"line":22,"column":21}},"loc":{"start":{"line":22,"column":50},"end":{"line":24,"column":null}},"line":22},"4":{"name":"usePinchZoom","decl":{"start":{"line":30,"column":16},"end":{"line":30,"column":null}},"loc":{"start":{"line":37,"column":2},"end":{"line":101,"column":null}},"line":37},"5":{"name":"(anonymous_5)","decl":{"start":{"line":45,"column":27},"end":{"line":45,"column":40}},"loc":{"start":{"line":45,"column":58},"end":{"line":51,"column":5}},"line":45},"6":{"name":"(anonymous_6)","decl":{"start":{"line":53,"column":26},"end":{"line":53,"column":null}},"loc":{"start":{"line":54,"column":23},"end":{"line":67,"column":null}},"line":54},"7":{"name":"(anonymous_7)","decl":{"start":{"line":71,"column":25},"end":{"line":71,"column":38}},"loc":{"start":{"line":71,"column":56},"end":{"line":79,"column":5}},"line":71},"8":{"name":"(anonymous_8)","decl":{"start":{"line":81,"column":2},"end":{"line":81,"column":18}},"loc":{"start":{"line":81,"column":18},"end":{"line":94,"column":5}},"line":81},"9":{"name":"(anonymous_9)","decl":{"start":{"line":89,"column":4},"end":{"line":89,"column":17}},"loc":{"start":{"line":89,"column":17},"end":{"line":93,"column":null}},"line":89},"10":{"name":"(anonymous_10)","decl":{"start":{"line":97,"column":4},"end":{"line":97,"column":22}},"loc":{"start":{"line":97,"column":40},"end":{"line":99,"column":null}},"line":97},"11":{"name":"useTwoFingerRotate","decl":{"start":{"line":107,"column":16},"end":{"line":107,"column":null}},"loc":{"start":{"line":112,"column":2},"end":{"line":165,"column":null}},"line":112},"12":{"name":"(anonymous_12)","decl":{"start":{"line":117,"column":27},"end":{"line":117,"column":40}},"loc":{"start":{"line":117,"column":58},"end":{"line":123,"column":5}},"line":117},"13":{"name":"(anonymous_13)","decl":{"start":{"line":125,"column":26},"end":{"line":125,"column":null}},"loc":{"start":{"line":126,"column":23},"end":{"line":135,"column":null}},"line":126},"14":{"name":"(anonymous_14)","decl":{"start":{"line":139,"column":25},"end":{"line":139,"column":43}},"loc":{"start":{"line":139,"column":43},"end":{"line":143,"column":5}},"line":139},"15":{"name":"(anonymous_15)","decl":{"start":{"line":145,"column":2},"end":{"line":145,"column":18}},"loc":{"start":{"line":145,"column":18},"end":{"line":158,"column":5}},"line":145},"16":{"name":"(anonymous_16)","decl":{"start":{"line":153,"column":4},"end":{"line":153,"column":17}},"loc":{"start":{"line":153,"column":17},"end":{"line":157,"column":null}},"line":153},"17":{"name":"(anonymous_17)","decl":{"start":{"line":161,"column":4},"end":{"line":161,"column":25}},"loc":{"start":{"line":161,"column":46},"end":{"line":163,"column":null}},"line":161},"18":{"name":"useCanvasPan","decl":{"start":{"line":171,"column":16},"end":{"line":171,"column":null}},"loc":{"start":{"line":178,"column":2},"end":{"line":254,"column":null}},"line":178},"19":{"name":"(anonymous_19)","decl":{"start":{"line":187,"column":27},"end":{"line":187,"column":null}},"loc":{"start":{"line":188,"column":23},"end":{"line":194,"column":null}},"line":188},"20":{"name":"(anonymous_20)","decl":{"start":{"line":198,"column":26},"end":{"line":198,"column":null}},"loc":{"start":{"line":199,"column":23},"end":{"line":206,"column":null}},"line":199},"21":{"name":"(anonymous_21)","decl":{"start":{"line":210,"column":25},"end":{"line":210,"column":null}},"loc":{"start":{"line":211,"column":23},"end":{"line":226,"column":null}},"line":211},"22":{"name":"(anonymous_22)","decl":{"start":{"line":230,"column":2},"end":{"line":230,"column":18}},"loc":{"start":{"line":230,"column":18},"end":{"line":243,"column":5}},"line":230},"23":{"name":"(anonymous_23)","decl":{"start":{"line":238,"column":4},"end":{"line":238,"column":17}},"loc":{"start":{"line":238,"column":17},"end":{"line":242,"column":null}},"line":238},"24":{"name":"(anonymous_24)","decl":{"start":{"line":246,"column":4},"end":{"line":246,"column":23}},"loc":{"start":{"line":246,"column":23},"end":{"line":249,"column":null}},"line":246},"25":{"name":"(anonymous_25)","decl":{"start":{"line":250,"column":4},"end":{"line":250,"column":16}},"loc":{"start":{"line":250,"column":43},"end":{"line":252,"column":null}},"line":250},"26":{"name":"useSwipeNavigation","decl":{"start":{"line":260,"column":16},"end":{"line":260,"column":null}},"loc":{"start":{"line":266,"column":2},"end":{"line":331,"column":null}},"line":266},"27":{"name":"(anonymous_27)","decl":{"start":{"line":274,"column":27},"end":{"line":274,"column":40}},"loc":{"start":{"line":274,"column":58},"end":{"line":278,"column":5}},"line":274},"28":{"name":"(anonymous_28)","decl":{"start":{"line":280,"column":26},"end":{"line":280,"column":null}},"loc":{"start":{"line":281,"column":23},"end":{"line":283,"column":null}},"line":281},"29":{"name":"(anonymous_29)","decl":{"start":{"line":287,"column":25},"end":{"line":287,"column":null}},"loc":{"start":{"line":288,"column":23},"end":{"line":309,"column":null}},"line":288},"30":{"name":"(anonymous_30)","decl":{"start":{"line":313,"column":2},"end":{"line":313,"column":18}},"loc":{"start":{"line":313,"column":18},"end":{"line":330,"column":5}},"line":313},"31":{"name":"(anonymous_31)","decl":{"start":{"line":325,"column":4},"end":{"line":325,"column":17}},"loc":{"start":{"line":325,"column":17},"end":{"line":329,"column":null}},"line":325}},"branchMap":{"0":{"loc":{"start":{"line":38,"column":19},"end":{"line":38,"column":null}},"type":"binary-expr","locations":[{"start":{"line":38,"column":19},"end":{"line":38,"column":40}},{"start":{"line":38,"column":40},"end":{"line":38,"column":null}}],"line":38},"1":{"loc":{"start":{"line":39,"column":19},"end":{"line":39,"column":null}},"type":"binary-expr","locations":[{"start":{"line":39,"column":19},"end":{"line":39,"column":40}},{"start":{"line":39,"column":40},"end":{"line":39,"column":null}}],"line":39},"2":{"loc":{"start":{"line":46,"column":4},"end":{"line":46,"column":null}},"type":"if","locations":[{"start":{"line":46,"column":4},"end":{"line":46,"column":null}},{"start":{},"end":{}}],"line":46},"3":{"loc":{"start":{"line":55,"column":6},"end":{"line":55,"column":null}},"type":"if","locations":[{"start":{"line":55,"column":6},"end":{"line":55,"column":null}},{"start":{},"end":{}}],"line":55},"4":{"loc":{"start":{"line":60,"column":6},"end":{"line":63,"column":null}},"type":"if","locations":[{"start":{"line":60,"column":6},"end":{"line":63,"column":null}},{"start":{},"end":{}}],"line":60},"5":{"loc":{"start":{"line":72,"column":4},"end":{"line":78,"column":null}},"type":"if","locations":[{"start":{"line":72,"column":4},"end":{"line":78,"column":null}},{"start":{},"end":{}}],"line":72},"6":{"loc":{"start":{"line":83,"column":4},"end":{"line":83,"column":null}},"type":"if","locations":[{"start":{"line":83,"column":4},"end":{"line":83,"column":null}},{"start":{},"end":{}}],"line":83},"7":{"loc":{"start":{"line":118,"column":4},"end":{"line":118,"column":null}},"type":"if","locations":[{"start":{"line":118,"column":4},"end":{"line":118,"column":null}},{"start":{},"end":{}}],"line":118},"8":{"loc":{"start":{"line":127,"column":6},"end":{"line":127,"column":null}},"type":"if","locations":[{"start":{"line":127,"column":6},"end":{"line":127,"column":null}},{"start":{},"end":{}}],"line":127},"9":{"loc":{"start":{"line":140,"column":4},"end":{"line":142,"column":null}},"type":"if","locations":[{"start":{"line":140,"column":4},"end":{"line":142,"column":null}},{"start":{},"end":{}}],"line":140},"10":{"loc":{"start":{"line":147,"column":4},"end":{"line":147,"column":null}},"type":"if","locations":[{"start":{"line":147,"column":4},"end":{"line":147,"column":null}},{"start":{},"end":{}}],"line":147},"11":{"loc":{"start":{"line":189,"column":6},"end":{"line":189,"column":null}},"type":"if","locations":[{"start":{"line":189,"column":6},"end":{"line":189,"column":null}},{"start":{},"end":{}}],"line":189},"12":{"loc":{"start":{"line":200,"column":6},"end":{"line":200,"column":null}},"type":"if","locations":[{"start":{"line":200,"column":6},"end":{"line":200,"column":null}},{"start":{},"end":{}}],"line":200},"13":{"loc":{"start":{"line":200,"column":10},"end":{"line":200,"column":85}},"type":"binary-expr","locations":[{"start":{"line":200,"column":10},"end":{"line":200,"column":35}},{"start":{"line":200,"column":35},"end":{"line":200,"column":61}},{"start":{"line":200,"column":61},"end":{"line":200,"column":85}}],"line":200},"14":{"loc":{"start":{"line":212,"column":6},"end":{"line":212,"column":null}},"type":"if","locations":[{"start":{"line":212,"column":6},"end":{"line":212,"column":null}},{"start":{},"end":{}}],"line":212},"15":{"loc":{"start":{"line":212,"column":10},"end":{"line":212,"column":59}},"type":"binary-expr","locations":[{"start":{"line":212,"column":10},"end":{"line":212,"column":35}},{"start":{"line":212,"column":35},"end":{"line":212,"column":59}}],"line":212},"16":{"loc":{"start":{"line":214,"column":6},"end":{"line":222,"column":null}},"type":"if","locations":[{"start":{"line":214,"column":6},"end":{"line":222,"column":null}},{"start":{},"end":{}}],"line":214},"17":{"loc":{"start":{"line":232,"column":4},"end":{"line":232,"column":null}},"type":"if","locations":[{"start":{"line":232,"column":4},"end":{"line":232,"column":null}},{"start":{},"end":{}}],"line":232},"18":{"loc":{"start":{"line":267,"column":20},"end":{"line":267,"column":null}},"type":"binary-expr","locations":[{"start":{"line":267,"column":20},"end":{"line":267,"column":42}},{"start":{"line":267,"column":42},"end":{"line":267,"column":null}}],"line":267},"19":{"loc":{"start":{"line":275,"column":4},"end":{"line":275,"column":null}},"type":"if","locations":[{"start":{"line":275,"column":4},"end":{"line":275,"column":null}},{"start":{},"end":{}}],"line":275},"20":{"loc":{"start":{"line":289,"column":6},"end":{"line":289,"column":null}},"type":"if","locations":[{"start":{"line":289,"column":6},"end":{"line":289,"column":null}},{"start":{},"end":{}}],"line":289},"21":{"loc":{"start":{"line":289,"column":10},"end":{"line":289,"column":67}},"type":"binary-expr","locations":[{"start":{"line":289,"column":10},"end":{"line":289,"column":36}},{"start":{"line":289,"column":36},"end":{"line":289,"column":67}}],"line":289},"22":{"loc":{"start":{"line":300,"column":6},"end":{"line":306,"column":null}},"type":"if","locations":[{"start":{"line":300,"column":6},"end":{"line":306,"column":null}},{"start":{},"end":{}}],"line":300},"23":{"loc":{"start":{"line":300,"column":10},"end":{"line":300,"column":65}},"type":"binary-expr","locations":[{"start":{"line":300,"column":10},"end":{"line":300,"column":31}},{"start":{"line":300,"column":31},"end":{"line":300,"column":47}},{"start":{"line":300,"column":47},"end":{"line":300,"column":65}}],"line":300},"24":{"loc":{"start":{"line":301,"column":8},"end":{"line":305,"column":null}},"type":"if","locations":[{"start":{"line":301,"column":8},"end":{"line":305,"column":null}},{"start":{"line":303,"column":15},"end":{"line":305,"column":null}}],"line":301}},"s":{"0":0,"1":0,"2":0,"3":0,"4":0,"5":0,"6":1,"7":1,"8":1,"9":1,"10":1,"11":1,"12":0,"13":0,"14":0,"15":0,"16":0,"17":0,"18":1,"19":0,"20":0,"21":0,"22":0,"23":0,"24":0,"25":0,"26":0,"27":0,"28":0,"29":0,"30":0,"31":1,"32":0,"33":0,"34":1,"35":1,"36":1,"37":0,"38":1,"39":1,"40":1,"41":1,"42":1,"43":1,"44":1,"45":1,"46":0,"47":1,"48":1,"49":1,"50":1,"51":0,"52":0,"53":0,"54":0,"55":0,"56":0,"57":1,"58":0,"59":0,"60":0,"61":0,"62":0,"63":0,"64":0,"65":0,"66":0,"67":1,"68":0,"69":0,"70":1,"71":1,"72":1,"73":0,"74":1,"75":1,"76":1,"77":1,"78":1,"79":1,"80":1,"81":1,"82":0,"83":1,"84":1,"85":1,"86":1,"87":1,"88":1,"89":1,"90":0,"91":0,"92":0,"93":0,"94":0,"95":0,"96":1,"97":0,"98":0,"99":0,"100":0,"101":0,"102":0,"103":0,"104":1,"105":0,"106":0,"107":0,"108":0,"109":0,"110":0,"111":0,"112":0,"113":0,"114":0,"115":1,"116":1,"117":1,"118":0,"119":1,"120":1,"121":1,"122":1,"123":1,"124":1,"125":1,"126":1,"127":0,"128":0,"129":0,"130":1,"131":1,"132":1,"133":1,"134":1,"135":1,"136":0,"137":0,"138":0,"139":0,"140":1,"141":1,"142":0,"143":0,"144":0,"145":0,"146":0,"147":0,"148":0,"149":0,"150":0,"151":0,"152":0,"153":0,"154":0,"155":0,"156":1,"157":1,"158":1,"159":1,"160":1,"161":1,"162":1,"163":1,"164":1},"f":{"0":0,"1":0,"2":0,"3":0,"4":1,"5":0,"6":0,"7":0,"8":1,"9":1,"10":0,"11":1,"12":0,"13":0,"14":0,"15":1,"16":1,"17":0,"18":1,"19":0,"20":0,"21":0,"22":1,"23":1,"24":0,"25":0,"26":1,"27":0,"28":0,"29":0,"30":1,"31":1},"b":{"0":[1,1],"1":[1,1],"2":[0,0],"3":[0,0],"4":[0,0],"5":[0,0],"6":[0,1],"7":[0,0],"8":[0,0],"9":[0,0],"10":[0,1],"11":[0,0],"12":[0,0],"13":[0,0,0],"14":[0,0],"15":[0,0],"16":[0,0],"17":[0,1],"18":[1,1],"19":[0,0],"20":[0,0],"21":[0,0],"22":[0,0],"23":[0,0,0],"24":[0,0]},"meta":{"lastBranch":25,"lastFunction":32,"lastStatement":165,"seen":{"f:8:9:8:23":0,"s:9:2:9:Infinity":0,"f:12:9:12:21":1,"s:13:13:13:Infinity":1,"s:14:13:14:Infinity":2,"s:15:2:15:Infinity":3,"f:18:9:18:18":2,"s:19:2:19:Infinity":4,"f:22:9:22:21":3,"s:23:2:23:Infinity":5,"f:30:16:30:Infinity":4,"s:38:19:38:Infinity":6,"b:38:19:38:40:38:40:38:Infinity":0,"s:39:19:39:Infinity":7,"b:39:19:39:40:39:40:39:Infinity":1,"s:40:24:40:Infinity":8,"s:42:8:42:Infinity":9,"s:43:8:43:Infinity":10,"s:45:8:51:Infinity":11,"f:45:27:45:40":5,"b:46:4:46:Infinity:undefined:undefined:undefined:undefined":2,"s:46:4:46:Infinity":12,"s:46:32:46:Infinity":13,"s:47:4:47:Infinity":14,"s:48:15:48:Infinity":15,"s:49:15:49:Infinity":16,"s:50:4:50:Infinity":17,"s:53:8:69:Infinity":18,"f:53:26:53:Infinity":6,"b:55:6:55:Infinity:undefined:undefined:undefined:undefined":3,"s:55:6:55:Infinity":19,"s:55:34:55:Infinity":20,"s:56:6:56:Infinity":21,"s:57:17:57:Infinity":22,"s:58:17:58:Infinity":23,"s:59:30:59:Infinity":24,"b:60:6:63:Infinity:undefined:undefined:undefined:undefined":4,"s:60:6:63:Infinity":25,"s:61:8:61:Infinity":26,"s:62:8:62:Infinity":27,"s:64:20:64:Infinity":28,"s:65:23:65:Infinity":29,"s:66:6:66:Infinity":30,"s:71:8:79:Infinity":31,"f:71:25:71:38":7,"b:72:4:78:Infinity:undefined:undefined:undefined:undefined":5,"s:72:4:78:Infinity":32,"s:75:6:75:Infinity":33,"s:81:2:94:Infinity":34,"f:81:2:81:18":8,"s:82:15:82:Infinity":35,"b:83:4:83:Infinity:undefined:undefined:undefined:undefined":6,"s:83:4:83:Infinity":36,"s:83:13:83:Infinity":37,"s:85:4:85:Infinity":38,"s:86:4:86:Infinity":39,"s:87:4:87:Infinity":40,"s:89:4:93:Infinity":41,"f:89:4:89:17":9,"s:90:6:90:Infinity":42,"s:91:6:91:Infinity":43,"s:92:6:92:Infinity":44,"s:96:2:100:Infinity":45,"f:97:4:97:22":10,"s:98:6:98:Infinity":46,"f:107:16:107:Infinity":11,"s:113:27:113:Infinity":47,"s:114:8:114:Infinity":48,"s:115:8:115:Infinity":49,"s:117:8:123:Infinity":50,"f:117:27:117:40":12,"b:118:4:118:Infinity:undefined:undefined:undefined:undefined":7,"s:118:4:118:Infinity":51,"s:118:32:118:Infinity":52,"s:119:4:119:Infinity":53,"s:120:15:120:Infinity":54,"s:121:15:121:Infinity":55,"s:122:4:122:Infinity":56,"s:125:8:137:Infinity":57,"f:125:26:125:Infinity":13,"b:127:6:127:Infinity:undefined:undefined:undefined:undefined":8,"s:127:6:127:Infinity":58,"s:127:34:127:Infinity":59,"s:128:6:128:Infinity":60,"s:129:17:129:Infinity":61,"s:130:17:130:Infinity":62,"s:131:27:131:Infinity":63,"s:132:20:132:Infinity":64,"s:133:26:133:Infinity":65,"s:134:6:134:Infinity":66,"s:139:8:143:Infinity":67,"f:139:25:139:43":14,"b:140:4:142:Infinity:undefined:undefined:undefined:undefined":9,"s:140:4:142:Infinity":68,"s:141:6:141:Infinity":69,"s:145:2:158:Infinity":70,"f:145:2:145:18":15,"s:146:15:146:Infinity":71,"b:147:4:147:Infinity:undefined:undefined:undefined:undefined":10,"s:147:4:147:Infinity":72,"s:147:13:147:Infinity":73,"s:149:4:149:Infinity":74,"s:150:4:150:Infinity":75,"s:151:4:151:Infinity":76,"s:153:4:157:Infinity":77,"f:153:4:153:17":16,"s:154:6:154:Infinity":78,"s:155:6:155:Infinity":79,"s:156:6:156:Infinity":80,"s:160:2:164:Infinity":81,"f:161:4:161:25":17,"s:162:6:162:Infinity":82,"f:171:16:171:Infinity":18,"s:179:22:179:Infinity":83,"s:180:21:180:Infinity":84,"s:181:19:181:Infinity":85,"s:183:8:183:Infinity":86,"s:184:8:184:Infinity":87,"s:185:8:185:Infinity":88,"s:187:8:196:Infinity":89,"f:187:27:187:Infinity":19,"b:189:6:189:Infinity:undefined:undefined:undefined:undefined":11,"s:189:6:189:Infinity":90,"s:189:34:189:Infinity":91,"s:190:20:190:Infinity":92,"s:191:6:191:Infinity":93,"s:192:6:192:Infinity":94,"s:193:6:193:Infinity":95,"s:198:8:208:Infinity":96,"f:198:26:198:Infinity":20,"b:200:6:200:Infinity:undefined:undefined:undefined:undefined":12,"s:200:6:200:Infinity":97,"b:200:10:200:35:200:35:200:61:200:61:200:85":13,"s:200:85:200:Infinity":98,"s:201:6:201:Infinity":99,"s:202:27:202:Infinity":100,"s:203:17:203:Infinity":101,"s:204:17:204:Infinity":102,"s:205:6:205:Infinity":103,"s:210:8:228:Infinity":104,"f:210:25:210:Infinity":21,"b:212:6:212:Infinity:undefined:undefined:undefined:undefined":14,"s:212:6:212:Infinity":105,"b:212:10:212:35:212:35:212:59":15,"s:212:59:212:Infinity":106,"b:214:6:222:Infinity:undefined:undefined:undefined:undefined":16,"s:214:6:222:Infinity":107,"s:215:25:215:Infinity":108,"s:216:19:216:Infinity":109,"s:217:19:217:Infinity":110,"s:218:8:221:Infinity":111,"s:223:6:223:Infinity":112,"s:224:6:224:Infinity":113,"s:225:6:225:Infinity":114,"s:230:2:243:Infinity":115,"f:230:2:230:18":22,"s:231:15:231:Infinity":116,"b:232:4:232:Infinity:undefined:undefined:undefined:undefined":17,"s:232:4:232:Infinity":117,"s:232:13:232:Infinity":118,"s:234:4:234:Infinity":119,"s:235:
[...]
}},{"start":{"line":660,"column":54},"end":{"line":660,"column":56}}],"line":660},"11":{"loc":{"start":{"line":661,"column":33},"end":{"line":661,"column":null}},"type":"binary-expr","locations":[{"start":{"line":661,"column":33},"end":{"line":661,"column":62}},{"start":{"line":661,"column":62},"end":{"line":661,"column":null}}],"line":661},"12":{"loc":{"start":{"line":666,"column":10},"end":{"line":666,"column":null}},"type":"binary-expr","locations":[{"start":{"line":666,"column":10},"end":{"line":666,"column":30}},{"start":{"line":666,"column":24},"end":{"line":666,"column":null}}],"line":666},"13":{"loc":{"start":{"line":671,"column":21},"end":{"line":671,"column":null}},"type":"binary-expr","locations":[{"start":{"line":671,"column":21},"end":{"line":671,"column":57}},{"start":{"line":671,"column":57},"end":{"line":671,"column":null}}],"line":671},"14":{"loc":{"start":{"line":672,"column":20},"end":{"line":672,"column":null}},"type":"binary-expr","locations":[{"start":{"line":672,"column":20},"end":{"line":672,"column":55}},{"start":{"line":672,"column":55},"end":{"line":672,"column":null}}],"line":672},"15":{"loc":{"start":{"line":673,"column":24},"end":{"line":673,"column":null}},"type":"binary-expr","locations":[{"start":{"line":673,"column":24},"end":{"line":673,"column":63}},{"start":{"line":673,"column":63},"end":{"line":673,"column":null}}],"line":673},"16":{"loc":{"start":{"line":674,"column":13},"end":{"line":674,"column":null}},"type":"binary-expr","locations":[{"start":{"line":674,"column":13},"end":{"line":674,"column":41}},{"start":{"line":674,"column":41},"end":{"line":674,"column":null}}],"line":674},"17":{"loc":{"start":{"line":675,"column":70},"end":{"line":675,"column":111}},"type":"binary-expr","locations":[{"start":{"line":675,"column":70},"end":{"line":675,"column":107}},{"start":{"line":675,"column":107},"end":{"line":675,"column":111}}],"line":675},"18":{"loc":{"start":{"line":676,"column":52},"end":{"line":676,"column":84}},"type":"binary-expr","locations":[{"start":{"line":676,"column":52},"end":{"line":676,"column":80}},{"start":{"line":676,"column":80},"end":{"line":676,"column":84}}],"line":676},"19":{"loc":{"start":{"line":677,"column":16},"end":{"line":677,"column":null}},"type":"cond-expr","locations":[{"start":{"line":677,"column":46},"end":{"line":677,"column":93}},{"start":{"line":677,"column":93},"end":{"line":677,"column":null}}],"line":677},"20":{"loc":{"start":{"line":678,"column":21},"end":{"line":680,"column":null}},"type":"cond-expr","locations":[{"start":{"line":679,"column":12},"end":{"line":679,"column":null}},{"start":{"line":680,"column":12},"end":{"line":680,"column":null}}],"line":678},"21":{"loc":{"start":{"line":681,"column":25},"end":{"line":683,"column":null}},"type":"cond-expr","locations":[{"start":{"line":682,"column":12},"end":{"line":682,"column":null}},{"start":{"line":683,"column":12},"end":{"line":683,"column":null}}],"line":681},"22":{"loc":{"start":{"line":684,"column":19},"end":{"line":684,"column":null}},"type":"binary-expr","locations":[{"start":{"line":684,"column":19},"end":{"line":684,"column":53}},{"start":{"line":684,"column":53},"end":{"line":684,"column":null}}],"line":684},"23":{"loc":{"start":{"line":687,"column":14},"end":{"line":687,"column":null}},"type":"binary-expr","locations":[{"start":{"line":687,"column":14},"end":{"line":687,"column":56}},{"start":{"line":687,"column":56},"end":{"line":687,"column":null}}],"line":687},"24":{"loc":{"start":{"line":689,"column":28},"end":{"line":689,"column":null}},"type":"binary-expr","locations":[{"start":{"line":689,"column":28},"end":{"line":689,"column":71}},{"start":{"line":689,"column":71},"end":{"line":689,"column":null}}],"line":689},"25":{"loc":{"start":{"line":695,"column":31},"end":{"line":695,"column":64}},"type":"binary-expr","locations":[{"start":{"line":695,"column":31},"end":{"line":695,"column":62}},{"start":{"line":695,"column":62},"end":{"line":695,"column":64}}],"line":695},"26":{"loc":{"start":{"line":704,"column":17},"end":{"line":704,"column":null}},"type":"binary-expr","locations":[{"start":{"line":704,"column":17},"end":{"line":704,"column":50}},{"start":{"line":704,"column":50},"end":{"line":704,"column":null}}],"line":704},"27":{"loc":{"start":{"line":705,"column":16},"end":{"line":705,"column":null}},"type":"binary-expr","locations":[{"start":{"line":705,"column":16},"end":{"line":705,"column":48}},{"start":{"line":705,"column":48},"end":{"line":705,"column":null}}],"line":705},"28":{"loc":{"start":{"line":706,"column":20},"end":{"line":706,"column":null}},"type":"binary-expr","locations":[{"start":{"line":706,"column":20},"end":{"line":706,"column":56}},{"start":{"line":706,"column":56},"end":{"line":706,"column":null}}],"line":706},"29":{"loc":{"start":{"line":707,"column":24},"end":{"line":707,"column":null}},"type":"binary-expr","locations":[{"start":{"line":707,"column":24},"end":{"line":707,"column":64}},{"start":{"line":707,"column":64},"end":{"line":707,"column":null}}],"line":707},"30":{"loc":{"start":{"line":708,"column":15},"end":{"line":708,"column":null}},"type":"binary-expr","locations":[{"start":{"line":708,"column":15},"end":{"line":708,"column":46}},{"start":{"line":708,"column":46},"end":{"line":708,"column":null}}],"line":708},"31":{"loc":{"start":{"line":709,"column":15},"end":{"line":709,"column":null}},"type":"binary-expr","locations":[{"start":{"line":709,"column":15},"end":{"line":709,"column":46}},{"start":{"line":709,"column":46},"end":{"line":709,"column":null}}],"line":709},"32":{"loc":{"start":{"line":710,"column":26},"end":{"line":710,"column":null}},"type":"binary-expr","locations":[{"start":{"line":710,"column":26},"end":{"line":710,"column":68}},{"start":{"line":710,"column":68},"end":{"line":710,"column":null}}],"line":710},"33":{"loc":{"start":{"line":711,"column":24},"end":{"line":711,"column":null}},"type":"binary-expr","locations":[{"start":{"line":711,"column":24},"end":{"line":711,"column":64}},{"start":{"line":711,"column":64},"end":{"line":711,"column":null}}],"line":711},"34":{"loc":{"start":{"line":712,"column":19},"end":{"line":712,"column":null}},"type":"binary-expr","locations":[{"start":{"line":712,"column":19},"end":{"line":712,"column":54}},{"start":{"line":712,"column":54},"end":{"line":712,"column":null}}],"line":712},"35":{"loc":{"start":{"line":713,"column":27},"end":{"line":713,"column":null}},"type":"binary-expr","locations":[{"start":{"line":713,"column":27},"end":{"line":713,"column":70}},{"start":{"line":713,"column":70},"end":{"line":713,"column":null}}],"line":713},"36":{"loc":{"start":{"line":714,"column":20},"end":{"line":714,"column":null}},"type":"binary-expr","locations":[{"start":{"line":714,"column":20},"end":{"line":714,"column":56}},{"start":{"line":714,"column":56},"end":{"line":714,"column":null}}],"line":714},"37":{"loc":{"start":{"line":715,"column":25},"end":{"line":715,"column":null}},"type":"binary-expr","locations":[{"start":{"line":715,"column":25},"end":{"line":715,"column":66}},{"start":{"line":715,"column":66},"end":{"line":715,"column":null}}],"line":715},"38":{"loc":{"start":{"line":716,"column":26},"end":{"line":718,"column":null}},"type":"cond-expr","locations":[{"start":{"line":717,"column":8},"end":{"line":717,"column":null}},{"start":{"line":718,"column":8},"end":{"line":718,"column":null}}],"line":716},"39":{"loc":{"start":{"line":719,"column":25},"end":{"line":719,"column":null}},"type":"binary-expr","locations":[{"start":{"line":719,"column":25},"end":{"line":719,"column":66}},{"start":{"line":719,"column":66},"end":{"line":719,"column":null}}],"line":719},"40":{"loc":{"start":{"line":720,"column":23},"end":{"line":720,"column":null}},"type":"binary-expr","locations":[{"start":{"line":720,"column":23},"end":{"line":720,"column":62}},{"start":{"line":720,"column":62},"end":{"line":720,"column":null}}],"line":720},"41":{"loc":{"start":{"line":721,"column":25},"end":{"line":721,"column":null}},"type":"binary-expr","locations":[{"start":{"line":721,"column":25},"end":{"line":721,"column":66}},{"start":{"line":721,"column":66},"end":{"line":721,"column":null}}],"line":721},"42":{"loc":{"start":{"line":722,"column":21},"end":{"line":722,"column":null}},"type":"binary-expr","locations":[{"start":{"line":722,"column":21},"end":{"line":722,"column":58}},{"start":{"line":722,"column":58},"end":{"line":722,"column":null}}],"line":722},"43":{"loc":{"start":{"line":723,"column":21},"end":{"line":723,"column":null}},"type":"binary-expr","locations":[{"start":{"line":723,"column":21},"end":{"line":723,"column":58}},{"start":{"line":723,"column":58},"end":{"line":723,"column":null}}],"line":723},"44":{"loc":{"start":{"line":724,"column":20},"end":{"line":724,"column":null}},"type":"binary-expr","locations":[{"start":{"line":724,"column":20},"end":{"line":724,"column":56}},{"start":{"line":724,"column":56},"end":{"line":724,"column":null}}],"line":724},"45":{"loc":{"start":{"line":725,"column":22},"end":{"line":725,"column":null}},"type":"binary-expr","locations":[{"start":{"line":725,"column":22},"end":{"line":725,"column":60}},{"start":{"line":725,"column":60},"end":{"line":725,"column":null}}],"line":725},"46":{"loc":{"start":{"line":726,"column":22},"end":{"line":726,"column":null}},"type":"binary-expr","locations":[{"start":{"line":726,"column":22},"end":{"line":726,"column":60}},{"start":{"line":726,"column":60},"end":{"line":726,"column":null}}],"line":726},"47":{"loc":{"start":{"line":727,"column":69},"end":{"line":727,"column":111}},"type":"binary-expr","locations":[{"start":{"line":727,"column":69},"end":{"line":727,"column":107}},{"start":{"line":727,"column":107},"end":{"line":727,"column":111}}],"line":727},"48":{"loc":{"start":{"line":728,"column":61},"end":{"line":728,"column":99}},"type":"binary-expr","locations":[{"start":{"line":728,"column":61},"end":{"line":728,"column":95}},{"start":{"line":728,"column":95},"end":{"line":728,"column":99}}],"line":728},"49":{"loc":{"start":{"line":729,"column":43},"end":{"line":729,"column":72}},"type":"binary-expr","locations":[{"start":{"line":729,"column":43},"end":{"line":729,"column":68}},{"start":{"line":729,"column":68},"end":{"line":729,"column":72}}],"line":729},"50":{"loc":{"start":{"line":730,"column":12},"end":{"line":730,"column":null}},"type":"cond-expr","locations":[{"start":{"line":730,"column":39},"end":{"line":730,"column":83}},{"start":{"line":730,"column":83},"end":{"line":730,"column":null}}],"line":730},"51":{"loc":{"start":{"line":731,"column":17},"end":{"line":731,"column":null}},"type":"cond-expr","locations":[{"start":{"line":731,"column":49},"end":{"line":731,"column":98}},{"start":{"line":731,"column":98},"end":{"line":731,"column":null}}],"line":731},"52":{"loc":{"start":{"line":732,"column":21},"end":{"line":734,"column":null}},"type":"cond-expr","locations":[{"start":{"line":733,"column":8},"end":{"line":733,"column":null}},{"start":{"line":734,"column":8},"end":{"line":734,"column":null}}],"line":732},"53":{"loc":{"start":{"line":735,"column":15},"end":{"line":735,"column":null}},"type":"binary-expr","locations":[{"start":{"line":735,"column":15},"end":{"line":735,"column":46}},{"start":{"line":735,"column":46},"end":{"line":735,"column":null}}],"line":735},"54":{"loc":{"start":{"line":740,"column":10},"end":{"line":740,"column":null}},"type":"binary-expr","locations":[{"start":{"line":740,"column":10},"end":{"line":740,"column":40}},{"start":{"line":740,"column":40},"end":{"line":740,"column":null}}],"line":740},"55":{"loc":{"start":{"line":741,"column":20},"end":{"line":741,"column":null}},"type":"binary-expr","locations":[{"start":{"line":741,"column":20},"end":{"line":741,"column":64}},{"start":{"line":741,"column":64},"end":{"line":741,"column":null}}],"line":741},"56":{"loc":{"start":{"line":745,"column":10},"end":{"line":745,"column":null}},"type":"binary-expr","locations":[{"start":{"line":745,"column":10},"end":{"line":745,"column":49}},{"start":{"line":745,"column":49},"end":{"line":745,"column":null}}],"line":745},"57":{"loc":{"start":{"line":747,"column":24},"end":{"line":747,"column":null}},"type":"binary-expr","locations":[{"start":{"line":747,"column":24},"end":{"line":747,"column":64}},{"start":{"line":747,"column":64},"end":{"line":747,"column":null}}],"line":747}},"s":{"0":1,"1":1,"2":1,"3":1,"4":1,"5":1,"6":1,"7":1,"8":1,"9":1,"10":1,"11":1,"12":1,"13":1,"14":1,"15":1,"16":1,"17":1,"18":1,"19":1,"20":1,"21":1,"22":1,"23":1,"24":1,"25":1,"26":1,"27":1,"28":1,"29":1,"30":1,"31":1,"32":1,"33":1,"34":1,"35":1,"36":1,"37":1,"38":1,"39":1,"40":1,"41":1,"42":1,"43":1,"44":1,"45":1,"46":1,"47":1,"48":1,"49":1,"50":1,"51":1,"52":1,"53":1,"54":1,"55":1,"56":1,"57":1,"58":1,"59":1,"60":1,"61":1,"62":1,"63":1,"64":1,"65":1,"66":1,"67":1,"68":1,"69":1,"70":1,"71":1,"72":1,"73":1,"74":1,"75":1,"76":1,"77":1,"78":1,"79":1,"80":1,"81":1,"82":1,"83":1,"84":1,"85":1,"86":1,"87":1,"88":1,"89":1,"90":1,"91":1,"92":3,"93":1,"94":4,"95":1,"96":1,"97":1,"98":1,"99":1,"100":2,"101":4,"102":4,"103":4,"104":4,"105":1,"106":1,"107":1,"108":2,"109":1,"110":1,"111":0,"112":0,"113":1,"114":0,"115":0,"116":0,"117":2,"118":0,"119":2,"120":1,"121":1,"122":21,"123":1},"f":{"0":1,"1":1,"2":1,"3":1,"4":1,"5":1,"6":1,"7":1,"8":1,"9":1,"10":1,"11":3,"12":4,"13":2,"14":4,"15":4,"16":4,"17":4,"18":1,"19":2,"20":0,"21":0,"22":0,"23":0,"24":21},"b":{"0":[2,0],"1":[2,0],"2":[2,0],"3":[2,0],"4":[1,0],"5":[1,0],"6":[1,0],"7":[1,0],"8":[1,1],"9":[0,0],"10":[1,0],"11":[0,0],"12":[0,0],"13":[0,0],"14":[0,0],"15":[0,0],"16":[0,0],"17":[0,0],"18":[0,0],"19":[0,0],"20":[0,0],"21":[0,0],"22":[0,0],"23":[0,0],"24":[0,0],"25":[2,0],"26":[2,0],"27":[2,0],"28":[2,0],"29":[2,0],"30":[2,1],"31":[2,1],"32":[2,0],"33":[2,0],"34":[2,0],"35":[2,0],"36":[2,0],"37":[2,0],"38":[0,1],"39":[2,0],"40":[2,0],"41":[2,0],"42":[2,0],"43":[2,0],"44":[2,0],"45":[2,0],"46":[2,0],"47":[2,0],"48":[2,0],"49":[2,0],"50":[1,0],"51":[1,0],"52":[1,0],"53":[2,0],"54":[2,0],"55":[2,0],"56":[2,0],"57":[2,0]},"meta":{"lastBranch":58,"lastFunction":25,"lastStatement":124,"seen":{"s:5:7:10:Infinity":0,"f:5:7:5:12":0,"s:6:2:6:Infinity":1,"s:7:2:7:Infinity":2,"s:8:2:8:Infinity":3,"s:9:2:9:Infinity":4,"s:12:7:18:Infinity":5,"f:12:7:12:12":1,"s:13:2:13:Infinity":6,"s:14:2:14:Infinity":7,"s:15:2:15:Infinity":8,"s:16:2:16:Infinity":9,"s:17:2:17:Infinity":10,"s:20:7:23:Infinity":11,"f:20:7:20:12":2,"s:21:2:21:Infinity":12,"s:22:2:22:Infinity":13,"s:31:7:39:Infinity":14,"f:31:7:31:12":3,"s:32:2:32:Infinity":15,"s:33:2:33:Infinity":16,"s:34:2:34:Infinity":17,"s:35:2:35:Infinity":18,"s:36:2:36:Infinity":19,"s:37:2:37:Infinity":20,"s:38:2:38:Infinity":21,"s:41:7:50:Infinity":22,"f:41:7:41:12":4,"s:42:2:42:Infinity":23,"s:43:2:43:Infinity":24,"s:44:2:44:Infinity":25,"s:45:2:45:Infinity":26,"s:46:2:46:Infinity":27,"s:47:2:47:Infinity":28,"s:48:2:48:Infinity":29,"s:49:2:49:Infinity":30,"s:52:7:59:Infinity":31,"f:52:7:52:12":5,"s:53:2:53:Infinity":32,"s:54:2:54:Infinity":33,"s:55:2:55:Infinity":34,"s:56:2:56:Infinity":35,"s:57:2:57:Infinity":36,"s:58:2:58:Infinity":37,"s:61:7:72:Infinity":38,"f:61:7:61:12":6,"s:62:2:62:Infinity":39,"s:63:2:63:Infinity":40,"s:64:2:64:Infinity":41,"s:65:2:65:Infinity":42,"s:66:2:66:Infinity":43,"s:67:2:67:Infinity":44,"s:68:2:68:Infinity":45,"s:69:2:69:Infinity":46,"s:70:2:70:Infinity":47,"s:71:2:71:Infinity":48,"s:74:7:87:Infinity":49,"f:74:7:74:12":7,"s:75:2:75:Infinity":50,"s:76:2:76:Infinity":51,"s:77:2:77:Infinity":52,"s:78:2:78:Infinity":53,"s:79:2:79:Infinity":54,"s:80:2:80:Infinity":55,"s:81:2:81:Infinity":56,"s:82:2:82:Infinity":57,"s:83:2:83:Infinity":58,"s:84:2:84:Infinity":59,"s:85:2:85:Infinity":60,"s:86:2:86:Infinity":61,"s:89:7:93:Infinity":62,"f:89:7:89:12":8,"s:90:2:90:Infinity":63,"s:91:2:91:Infinity":64,"s:92:2:92:Infinity":65,"s:95:7:104:Infinity":66,"f:95:7:95:12":9,"s:96:2:96:Infinity":67,"s:97:2:97:Infinity":68,"s:98:2:98:Infinity":69,"s:99:2:99:Infinity":70,"s:100:2:100:Infinity":71,"s:101:2:101:Infinity":72,"s:102:2:102:Infinity":73,"s:103:2:103:Infinity":74,"s:106:7:117:Infinity":75,"f:106:7:106:12":10,"s:107:2:107:Infinity":76,"s:108:2:108:Infinity":77,"s:109:2:109:Infinity":78,"s:110:2:110:Infinity":79,"s:111:2:111:Infinity":80,"s:112:2:112:Infinity":81,"s:113:2:113:Infinity":82,"s:114:2:114:Infinity":83,"s:115:2:115:Infinity":84,"s:116:2:116:Infinity":85,"s:173:65:195:Infinity":86,"s:404:42:410:Infinity":87,"s:412:49:419:Infinity":88,"s:421:52:429:Infinity":89,"s:431:74:441:Infinity":90,"s:443:13:448:Infinity":91,"f:443:13:443:65":11,"s:443:65:448:Infinity":92,"s:450:13:467:Infinity":93,"f:450:13:450:47":12,"s:450:47:467:Infinity":94,"s:469:40:469:Infinity":95,"s:471:57:516:Infinity":96,"s:518:53:525:Infinity":97,"s:527:48:617:Infinity":98,"s:619:6:636:Infinity":99,"f:619:6:619:25":13,"s:619:50:636:Infinity":100,"b:620:8:620:55:620:55:623:Infinity":0,"f:620:22:620:27":14,"s:620:41:620:50":101,"b:624:9:624:57:624:57:627:Infinity":1,"f:624:24:624:29":15,"s:624:43:624:52":102,"b:628:8:628:55:628:55:631:Infinity":2,"f:628:22:628:27":16,"s:628:41:628:50":103,"b:632:7:632:53:632:53:635:Infinity":3,"f:632:20:632:25":17,"s:632:39:632:48":104,"s:638:6:643:Infinity":105,"f:638:6:638:29":18,"s:638:63:643:Infinity":106,"b:639:52:639:68:639:68:639:72":4,"b:640:51:640:66:640:66:640:70":5,"b:641:53:641:70:641:70:641:74":6,"b:642:52:642:68:642:68:642:72":7,"s:645:13:749:Infinity":107,"f:645:13:645:43":19,"b:646:2:648:Infinity:undefined:undefined:undefined:undefined":8,"s:646:2:648:Infinity":108,"s:647:4:647:Infinity":109,"s:650:8:658:Infinity":110,"f:650:8:650:29":20,"s:651:4:657:Infinity":111,"b:651:12:651:24:651:24:651:26":9,"f:651:28:651:33":21,"s:651:64:657:6":112,"s:660:8:693:Infinity":113,"b:660:27:660:54:660:54:660:56":10,"f:660:58:660:63":22,"s:661:33:661:Infinity":114,"b:661:33:661:62:661:62:661:Infinity":11,"s:662:31:662:Infinity":115,"s:664:4:692:Infinity":116,"b:666:10:666:30:666:24:666:Infinity":12,"b:671:21:671:57:671:57:671:Infinity":13,"b:672:20:672:55:672:55:672:Infinity":14,"b:673:24:673:63:673:63:673:Infinity":15,"b:674:13:674:41:674:41:674:Infinity":16,"b:675:70:675:107:675:107:675:111":17,"b:676:52:676:80:676:80:676:84":18,"b:677:46:677:93:677:93:677:Infinity":19,"b:679:12:679:Infinity:680:12:680:Infinity":20,"b:682:12:682:Infinity:683:12:683:Infinity":21,"b:684:19:684:53:684:53:684:Infinity":22,"b:687:14:687:56:687:56:687:Infinity":23,"b:689:28:689:71:689:71:689:Infinity":24,"s:695:8:699:Infinity":117,"b:695:31:695:62:695:62:695:64":25,"f:695:66:695:71":23,"s:695:87:699:4":118,"s:701:2:748:Infinity":119,"b:704:17:704:50:704:50:704:Infinity":26,"b:705:16:705:48:705:48:705:Infinity":27,"b:706:20:706:56:706:56:706:Infinity":28,"b:707:24:707:64:707:64:707:Infinity":29,"b:708:15:708:46:708:46:708:Infinity":30,"b:709:15:709:46:709:46:709:Infinity":31,"b:710:26:710:68:710:68:710:Infinity":32,"b:711:24:711:64:711:64:711:Infinity":33,"b:712:19:712:54:712:54:712:Infinity":34,"b:713:27:713:70:713:70:713:Infinity":35,"b:714:20:714:56:714:56:714:Infinity":36,"b:715:25:715:66:715:66:715:Infinity":37,"b:717:8:717:Infinity:718:8:718:Infinity":38,"b:719:25:719:66:719:66:719:Infinity":39,"b:720:23:720:62:720:62:720:Infinity":40,"b:721:25:721:66:721:66:721:Infinity":41,"b:722:21:722:58:722:58:722:Infinity":42,"b:723:21:723:58:723:58:723:Infinity":43,"b:724:20:724:56:724:56:724:Infinity":44,"b:725:22:725:60:725:60:725:Infinity":45,"b:726:22:726:60:726:60:726:Infinity":46,"b:727:69:727:107:727:107:727:111":47,"b:728:61:728:95:728:95:728:99":48,"b:729:43:729:68:729:68:729:72":49,"b:730:39:730:83:730:83:730:Infinity":50,"b:731:49:731:98:731:98:731:Infinity":51,"b:733:8:733:Infinity:734:8:734:Infinity":52,"b:735:15:735:46:735:46:735:Infinity":53,"b:740:10:740:40:740:40:740:Infinity":54,"b:741:20:741:64:741:64:741:Infinity":55,"b:745:10:745:49:745:49:745:Infinity":56,"b:747:24:747:64:747:64:747:Infinity":57,"s:756:68:862:Infinity":120,"s:864:50:866:Infinity":121,"f:866:3:866:12":24,"s:866:22:866:32":122,"s:868:45:918:Infinity":123},"fnNames":{}}}
}
